        -:    0:Source:SOLARCOST.c
        -:    0:Graph:./SOLARCOST.gcno
        -:    0:Data:./SOLARCOST.gcda
        -:    0:Runs:1
        -:    1:/* Generated by           cobc 4.0-early-dev.0 */
        -:    2:/* Generated from         /app/src/SOLARCOST.cbl */
        -:    3:/* Generated at           Nov 05 2025 04:21:48 */
        -:    4:/* GnuCOBOL build date    Sep 19 2022 00:25:48 */
        -:    5:/* GnuCOBOL package date  Jun 06 2020 20:56:36 UTC */
        -:    6:/* Compile command        cobc -x -g -fdebugging-line -A -fprofile-arcs -ftest-coverage -Q -lgcov -save-temps -o /app/bin/SOLARCOST /app/src/SOLARCOST.cbl */
        -:    7:
        -:    8:#include <stdio.h>
        -:    9:#include <string.h>
        -:   10:#define  COB_KEYWORD_INLINE __inline
        -:   11:#include <gmp.h>
        -:   12:#include <libcob.h>
        -:   13:
        -:   14:#define  COB_SOURCE_FILE		"/app/src/SOLARCOST.cbl"
        -:   15:#define  COB_PACKAGE_VERSION		"4.0-early-dev"
        -:   16:#define  COB_PATCH_LEVEL		0
        -:   17:#define  COB_MODULE_FORMATTED_DATE	"Nov 05 2025 04:21:48"
        -:   18:#define  COB_MODULE_DATE		20251105
        -:   19:#define  COB_MODULE_TIME		42148
        -:   20:
        -:   21:/* Global variables */
        -:   22:#include "SOLARCOST.c.h"
        -:   23:
        -:   24:/* Function prototypes */
        -:   25:
        -:   26:static int		SOLARCOST ();
        -:   27:static int		SOLARCOST_ (const int);
        -:   28:static void		SOLARCOST_module_init (cob_module *module);
        -:   29:
        -:   30:/* Main function */
        -:   31:int
function main called 1 returned 0% blocks executed 100%
        1:   32:main (int argc, char **argv)
        -:   33:{
        1:   34:  cob_init (argc, argv);
        1:   34-block  0
call    0 returned 100%
       1*:   35:  cob_stop_run (SOLARCOST ());
call    0 returned 0%
        -:   36:}
        -:   37:
        -:   38:/* Functions */
        -:   39:
        -:   40:/* PROGRAM-ID 'SOLARCOST' */
        -:   41:
        -:   42:/* ENTRY 'SOLARCOST' */
        -:   43:
        -:   44:static int
function SOLARCOST called 1 returned 0% blocks executed 100%
        1:   45:SOLARCOST ()
        -:   46:{
       1*:   47:  return SOLARCOST_ (0);
        1:   47-block  0
call    0 returned 0%
        -:   48:}
        -:   49:
        -:   50:static int
function SOLARCOST_ called 111 returned 1% blocks executed 68%
        2:   51:SOLARCOST_ (const int entry)
        2:   51-block  0
branch  0 taken 50% (fallthrough)
branch  1 taken 50%
        -:   52:{
        -:   53:  /* Program local variables */
        -:   54:  #include "SOLARCOST.c.l.h"
        -:   55:
        -:   56:  /* Entry point name_hash values */
        -:   57:  static const unsigned int st_name_hash [] = {
        -:   58:  	0x26B4AB88,	/* SOLARCOST */
        -:   59:  0};
        -:   60:  /* Start of function code */
        -:   61:
        -:   62:  /* CANCEL callback */
        2:   63:  if (unlikely(entry < 0)) {
        2:   63-block  0
branch  0 taken 50% (fallthrough)
branch  1 taken 50%
        1:   64:  	if (entry == -10)
        1:   64-block  0
branch  0 taken 0% (fallthrough)
branch  1 taken 100%
    #####:   65:  		goto P_dump;
    %%%%%:   65-block  0
        1:   66:  	if (entry == -20)
        1:   66-block  0
branch  0 taken 100% (fallthrough)
branch  1 taken 0%
        1:   67:  		goto P_clear_decimal;
        1:   67-block  0
    #####:   68:  	goto P_cancel;
    %%%%%:   68-block  0
        -:   69:  }
        -:   70:
        -:   71:  /* Check initialized, check module allocated, */
        -:   72:  /* set global pointer, */
        -:   73:  /* push module stack, save call parameter count */
        1:   74:  if (cob_module_global_enter (&module, &cob_glob_ptr, 0, entry, st_name_hash))
        1:   74-block  0
call    0 returned 100%
branch  1 taken 0% (fallthrough)
branch  2 taken 100%
    #####:   75:  	return -1;
    %%%%%:   75-block  0
        -:   76:
        -:   77:  /* Set address of module parameter list */
        1:   78:  module->cob_procedure_params = cob_procedure_params;
        -:   79:
        -:   80:  /* Set frame stack pointer */
        1:   81:  frame_ptr = frame_stack;
        1:   82:  frame_ptr->perform_through = 0;
        1:   83:  frame_ptr->return_address_ptr = &&P_cgerror;
        1:   84:  frame_overflow = frame_ptr + 255 - 1;
        1:   84-block  0
        -:   85:  if (frame_ptr == frame_overflow) {}
        -:   86:
        -:   87:  /* Initialize rest of program */
        1:   88:  if (unlikely(initialized == 0)) {
        1:   88-block  0
branch  0 taken 100% (fallthrough)
branch  1 taken 0%
        1:   89:  	goto P_initialize;
        1:   89-block  0
        -:   90:  }
    #####:   91:  P_ret_initialize:
    %%%%%:   91-block  0
        -:   92:
        -:   93:  /* Allocate decimal numbers */
        1:   94:  cob_decimal_alloc (3, &d0, &d1, &d2);
        1:   94-block  0
call    0 returned 100%
        -:   95:
        -:   96:  /* Increment module active */
        1:   97:  module->module_active++;
        -:   98:
        -:   99:  /* Save number of call params */
        1:  100:  module->module_num_params = cob_glob_ptr->cob_call_params;
        -:  101:
        1:  102:  goto l_2;
        -:  103:  cob_glob_ptr->cob_call_params = 0;
        -:  104:
        -:  105:  /* PROCEDURE DIVISION */
        -:  106:
        -:  107:  /* Line: 123       : Entry     SOLARCOST               : /app/src/SOLARCOST.cbl */
        1:  108:  l_2:;
        -:  109:
        -:  110:  /* Line: 127       : Paragraph 000-MAIN-CONTROL        : /app/src/SOLARCOST.cbl */
        -:  111:  /* Line: 128       : PERFORM            : /app/src/SOLARCOST.cbl */
        1:  112:  module->module_stmt = 0x00100080;
        1:  113:  cob_trace_stmt (st_1);
        1:  113-block  0
call    0 returned 100%
        -:  114:  /* PERFORM 100-INITIALIZE-PROGRAM */
        1:  115:  frame_ptr++;
        1:  116:  if (unlikely(frame_ptr == frame_overflow))
branch  0 taken 0% (fallthrough)
branch  1 taken 100%
    #####:  117:  	cob_fatal_error (COB_FERROR_STACK);
    %%%%%:  117-block  0
call    0 never executed
        1:  118:  frame_ptr->perform_through = 5;
        1:  119:  frame_ptr->return_address_ptr = &&l_22;
        1:  120:  goto l_5;
        1:  120-block  0
        1:  121:  l_22:
        1:  121-block  0
        1:  122:  frame_ptr--;
        -:  123:  /* Line: 129       : PERFORM            : /app/src/SOLARCOST.cbl */
        1:  124:  module->module_stmt = 0x00100081;
        1:  125:  cob_trace_stmt (st_1);
        1:  125-block  0
call    0 returned 100%
        -:  126:  /* PERFORM 200-PROCESS-CSV-FILE */
        1:  127:  frame_ptr++;
        1:  128:  if (unlikely(frame_ptr == frame_overflow))
branch  0 taken 0%
branch  1 taken 100%
    #####:  129:  	cob_fatal_error (COB_FERROR_STACK);
    %%%%%:  129-block  0
call    0 never executed
        1:  130:  frame_ptr->perform_through = 6;
        1:  131:  frame_ptr->return_address_ptr = &&l_23;
        1:  132:  goto l_6;
        1:  132-block  0
        1:  133:  l_23:
        1:  133-block  0
        1:  134:  frame_ptr--;
        -:  135:  /* Line: 130       : PERFORM            : /app/src/SOLARCOST.cbl */
        1:  136:  module->module_stmt = 0x00100082;
        1:  137:  cob_trace_stmt (st_1);
        1:  137-block  0
call    0 returned 100%
        -:  138:  /* PERFORM 300-CALCULATE-COSTS */
        1:  139:  frame_ptr++;
        1:  140:  if (unlikely(frame_ptr == frame_overflow))
branch  0 taken 0% (fallthrough)
branch  1 taken 100%
    #####:  141:  	cob_fatal_error (COB_FERROR_STACK);
    %%%%%:  141-block  0
call    0 never executed
        1:  142:  frame_ptr->perform_through = 10;
        1:  143:  frame_ptr->return_address_ptr = &&l_24;
        1:  144:  goto l_10;
        1:  144-block  0
        1:  145:  l_24:
        1:  145-block  0
        1:  146:  frame_ptr--;
        -:  147:  /* Line: 131       : PERFORM            : /app/src/SOLARCOST.cbl */
        1:  148:  module->module_stmt = 0x00100083;
        1:  149:  cob_trace_stmt (st_1);
        1:  149-block  0
call    0 returned 100%
        -:  150:  /* PERFORM 400-GENERATE-REPORT */
        1:  151:  frame_ptr++;
        1:  152:  if (unlikely(frame_ptr == frame_overflow))
branch  0 taken 0% (fallthrough)
branch  1 taken 100%
    #####:  153:  	cob_fatal_error (COB_FERROR_STACK);
    %%%%%:  153-block  0
call    0 never executed
        1:  154:  frame_ptr->perform_through = 14;
        1:  155:  frame_ptr->return_address_ptr = &&l_25;
        1:  156:  goto l_14;
        1:  156-block  0
        1:  157:  l_25:
        1:  157-block  0
        1:  158:  frame_ptr--;
        -:  159:  /* Line: 132       : PERFORM            : /app/src/SOLARCOST.cbl */
        1:  160:  module->module_stmt = 0x00100084;
        1:  161:  cob_trace_stmt (st_1);
        1:  161-block  0
call    0 returned 100%
        -:  162:  /* PERFORM 900-CLEANUP-AND-EXIT */
        1:  163:  frame_ptr++;
        1:  164:  if (unlikely(frame_ptr == frame_overflow))
branch  0 taken 0% (fallthrough)
branch  1 taken 100%
    #####:  165:  	cob_fatal_error (COB_FERROR_STACK);
    %%%%%:  165-block  0
call    0 never executed
        1:  166:  frame_ptr->perform_through = 21;
        1:  167:  frame_ptr->return_address_ptr = &&l_26;
        1:  168:  goto l_21;
        1:  168-block  0
        1:  169:  l_26:
        1:  169-block  0
        1:  170:  frame_ptr--;
        -:  171:  /* Line: 133       : STOP RUN           : /app/src/SOLARCOST.cbl */
        1:  172:  module->module_stmt = 0x00100085;
        1:  173:  cob_trace_stmt (st_2);
        1:  173-block  0
call    0 returned 100%
        1:  174:  cob_stop_run (b_2);
call    0 returned 0%
        -:  175:
        -:  176:  /* Line: 138       : Paragraph 100-INITIALIZE-PROGRAM  : /app/src/SOLARCOST.cbl */
        1:  177:  l_5:;
        -:  178:  /* Line: 139       : DISPLAY            : /app/src/SOLARCOST.cbl */
        1:  179:  module->module_stmt = 0x0010008B;
        1:  180:  cob_trace_stmt (st_3);
        1:  180-block  0
call    0 returned 100%
        1:  181:  cob_display (0, 1, 1, &c_3);
call    0 returned 100%
        -:  182:  /* Line: 141       : ACCEPT             : /app/src/SOLARCOST.cbl */
        1:  183:  module->module_stmt = 0x0010008D;
        1:  184:  cob_trace_stmt (st_4);
call    0 returned 100%
        1:  185:  cob_get_environment ((cob_field *)&c_4, &f_12);
call    0 returned 100%
        -:  186:  /* Line: 142       : IF                 : /app/src/SOLARCOST.cbl */
        1:  187:  module->module_stmt = 0x0010008E;
        1:  188:  cob_trace_stmt (st_5);
call    0 returned 100%
        1:  189:  if (((int)cob_cmp (&f_12, &cob_all_space) == 0))
call    0 returned 100%
branch  1 taken 0% (fallthrough)
branch  2 taken 100%
        -:  190:  {
        -:  191:    /* Line: 143       : MOVE               : /app/src/SOLARCOST.cbl */
    #####:  192:    module->module_stmt = 0x0010008F;
    #####:  193:    cob_trace_stmt (st_6);
    %%%%%:  193-block  0
call    0 never executed
    #####:  194:    cob_move ((cob_field *)&c_5, &f_12);
call    0 never executed
        -:  195:  }
        -:  196:  /* Line: 146       : ACCEPT             : /app/src/SOLARCOST.cbl */
        1:  197:  module->module_stmt = 0x00100092;
        1:  198:  cob_trace_stmt (st_4);
        1:  198-block  0
call    0 returned 100%
        1:  199:  cob_get_environment ((cob_field *)&c_6, &f_13);
call    0 returned 100%
        -:  200:  /* Line: 147       : IF                 : /app/src/SOLARCOST.cbl */
        1:  201:  module->module_stmt = 0x00100093;
        1:  202:  cob_trace_stmt (st_5);
call    0 returned 100%
        1:  203:  if (((int)cob_cmp (&f_13, &cob_all_space) == 0))
call    0 returned 100%
branch  1 taken 0% (fallthrough)
branch  2 taken 100%
        -:  204:  {
        -:  205:    /* Line: 148       : MOVE               : /app/src/SOLARCOST.cbl */
    #####:  206:    module->module_stmt = 0x00100094;
    #####:  207:    cob_trace_stmt (st_6);
    %%%%%:  207-block  0
call    0 never executed
    #####:  208:    cob_move ((cob_field *)&c_7, &f_13);
call    0 never executed
        -:  209:  }
        -:  210:  /* Line: 151       : OPEN               : /app/src/SOLARCOST.cbl */
        1:  211:  module->module_stmt = 0x00100097;
        1:  212:  cob_trace_stmt (st_7);
        1:  212-block  0
call    0 returned 100%
        1:  213:  cob_open (h_CSV_INPUT_FILE, 1, 0, &f_14);
call    0 returned 100%
        1:  214:  if (unlikely(cob_glob_ptr->cob_exception_code != 0))
branch  0 taken 0% (fallthrough)
branch  1 taken 100%
        -:  215:  {
        -:  216:    /* PERFORM Default Error Handler */
    #####:  217:    frame_ptr++;
    #####:  218:    if (unlikely(frame_ptr == frame_overflow))
    %%%%%:  218-block  0
branch  0 never executed
branch  1 never executed
    #####:  219:    	cob_fatal_error (COB_FERROR_STACK);
    %%%%%:  219-block  0
call    0 never executed
    #####:  220:    frame_ptr->perform_through = 1;
    #####:  221:    frame_ptr->return_address_ptr = &&l_27;
    #####:  222:    goto l_1;
    %%%%%:  222-block  0
    #####:  223:    l_27:
    #####:  224:    frame_ptr--;
    %%%%%:  224-block  0
        -:  225:  }
        -:  226:  /* Line: 152       : IF                 : /app/src/SOLARCOST.cbl */
        1:  227:  module->module_stmt = 0x00100098;
        1:  228:  cob_trace_stmt (st_5);
        1:  228-block  0
call    0 returned 100%
        1:  229:  if (!((int)memcmp (b_14, (cob_u8_ptr)"00", 2) == 0))
branch  0 taken 0% (fallthrough)
branch  1 taken 100%
        -:  230:  {
        -:  231:    /* Line: 153       : DISPLAY            : /app/src/SOLARCOST.cbl */
    #####:  232:    module->module_stmt = 0x00100099;
    #####:  233:    cob_trace_stmt (st_3);
    %%%%%:  233-block  0
call    0 never executed
    #####:  234:    cob_display (0, 1, 2, &c_8, &f_12);
call    0 never executed
        -:  235:    /* Line: 154       : DISPLAY            : /app/src/SOLARCOST.cbl */
    #####:  236:    module->module_stmt = 0x0010009A;
    #####:  237:    cob_trace_stmt (st_3);
call    0 never executed
    #####:  238:    cob_display (0, 1, 2, &c_9, &f_14);
call    0 never executed
        -:  239:    /* Line: 155       : STOP RUN           : /app/src/SOLARCOST.cbl */
    #####:  240:    module->module_stmt = 0x0010009B;
    #####:  241:    cob_trace_stmt (st_2);
call    0 never executed
    #####:  242:    cob_stop_run (b_2);
call    0 never executed
        -:  243:  }
        -:  244:  /* Line: 158       : OPEN               : /app/src/SOLARCOST.cbl */
        1:  245:  module->module_stmt = 0x0010009E;
        1:  246:  cob_trace_stmt (st_7);
        1:  246-block  0
call    0 returned 100%
        1:  247:  cob_open (h_REPORT_OUTPUT_FILE, 2, 0, &f_17);
call    0 returned 100%
        1:  248:  if (unlikely(cob_glob_ptr->cob_exception_code != 0))
branch  0 taken 0% (fallthrough)
branch  1 taken 100%
        -:  249:  {
        -:  250:    /* PERFORM Default Error Handler */
    #####:  251:    frame_ptr++;
    #####:  252:    if (unlikely(frame_ptr == frame_overflow))
    %%%%%:  252-block  0
branch  0 never executed
branch  1 never executed
    #####:  253:    	cob_fatal_error (COB_FERROR_STACK);
    %%%%%:  253-block  0
call    0 never executed
    #####:  254:    frame_ptr->perform_through = 1;
    #####:  255:    frame_ptr->return_address_ptr = &&l_28;
    #####:  256:    goto l_1;
    %%%%%:  256-block  0
    #####:  257:    l_28:
    #####:  258:    frame_ptr--;
    %%%%%:  258-block  0
        -:  259:  }
        -:  260:  /* Line: 159       : IF                 : /app/src/SOLARCOST.cbl */
        1:  261:  module->module_stmt = 0x0010009F;
        1:  262:  cob_trace_stmt (st_5);
        1:  262-block  0
call    0 returned 100%
        1:  263:  if (!((int)memcmp (b_14, (cob_u8_ptr)"00", 2) == 0))
branch  0 taken 0% (fallthrough)
branch  1 taken 100%
        -:  264:  {
        -:  265:    /* Line: 160       : DISPLAY            : /app/src/SOLARCOST.cbl */
    #####:  266:    module->module_stmt = 0x001000A0;
    #####:  267:    cob_trace_stmt (st_3);
    %%%%%:  267-block  0
call    0 never executed
    #####:  268:    cob_display (0, 1, 2, &c_10, &f_13);
call    0 never executed
        -:  269:    /* Line: 161       : DISPLAY            : /app/src/SOLARCOST.cbl */
    #####:  270:    module->module_stmt = 0x001000A1;
    #####:  271:    cob_trace_stmt (st_3);
call    0 never executed
    #####:  272:    cob_display (0, 1, 2, &c_9, &f_17);
call    0 never executed
        -:  273:    /* Line: 162       : STOP RUN           : /app/src/SOLARCOST.cbl */
    #####:  274:    module->module_stmt = 0x001000A2;
    #####:  275:    cob_trace_stmt (st_2);
call    0 never executed
    #####:  276:    cob_stop_run (b_2);
call    0 never executed
        -:  277:  }
        -:  278:  /* Line: 165       : DISPLAY            : /app/src/SOLARCOST.cbl */
        1:  279:  module->module_stmt = 0x001000A5;
        1:  280:  cob_trace_stmt (st_3);
        1:  280-block  0
call    0 returned 100%
        1:  281:  cob_display (0, 1, 2, &c_11, &f_12);
call    0 returned 100%
        -:  282:  /* Line: 166       : DISPLAY            : /app/src/SOLARCOST.cbl */
        1:  283:  module->module_stmt = 0x001000A6;
        1:  284:  cob_trace_stmt (st_3);
call    0 returned 100%
        1:  285:  cob_display (0, 1, 2, &c_12, &f_13);
call    0 returned 100%
        -:  286:
        -:  287:  /* Implicit PERFORM return */
        1:  288:  if (frame_ptr->perform_through == 5)
branch  0 taken 100% (fallthrough)
branch  1 taken 0%
        1:  289:    goto *frame_ptr->return_address_ptr;
        1:  289-block  0
        -:  290:
        -:  291:  /* Line: 171       : Paragraph 200-PROCESS-CSV-FILE    : /app/src/SOLARCOST.cbl */
    #####:  292:  l_6:;
    %%%%%:  292-block  0
        -:  293:  /* Line: 172       : DISPLAY            : /app/src/SOLARCOST.cbl */
        1:  294:  module->module_stmt = 0x001000AC;
        1:  295:  cob_trace_stmt (st_3);
        1:  295-block  0
call    0 returned 100%
        1:  296:  cob_display (0, 1, 1, &c_13);
call    0 returned 100%
        -:  297:  /* Line: 173       : PERFORM            : /app/src/SOLARCOST.cbl */
        1:  298:  module->module_stmt = 0x001000AD;
        1:  299:  cob_trace_stmt (st_1);
call    0 returned 100%
        -:  300:  for (;;)
        -:  301:  {
       34:  302:    if (((int)memcmp (b_14, (cob_u8_ptr)"10", 2) == 0))
       34:  302-block  0
branch  0 taken 3% (fallthrough)
branch  1 taken 97%
        1:  303:      break;
        1:  303-block  0
        -:  304:    /* Line: 174       : PERFORM            : /app/src/SOLARCOST.cbl */
       33:  305:    module->module_stmt = 0x001000AE;
       33:  306:    cob_trace_stmt (st_1);
       33:  306-block  0
call    0 returned 100%
        -:  307:    /* PERFORM 210-READ-CSV-RECORD */
       33:  308:    frame_ptr++;
       33:  309:    if (unlikely(frame_ptr == frame_overflow))
branch  0 taken 0% (fallthrough)
branch  1 taken 100%
    #####:  310:    	cob_fatal_error (COB_FERROR_STACK);
    %%%%%:  310-block  0
call    0 never executed
       33:  311:    frame_ptr->perform_through = 7;
       33:  312:    frame_ptr->return_address_ptr = &&l_29;
       33:  313:    goto l_7;
       33:  313-block  0
       33:  314:    l_29:
       33:  314-block  0
       33:  315:    frame_ptr--;
        -:  316:    /* Line: 175       : IF                 : /app/src/SOLARCOST.cbl */
       33:  317:    module->module_stmt = 0x001000AF;
       33:  318:    cob_trace_stmt (st_5);
       33:  318-block  0
call    0 returned 100%
       33:  319:    if (!((int)memcmp (b_14, (cob_u8_ptr)"10", 2) == 0))
branch  0 taken 97% (fallthrough)
branch  1 taken 3%
        -:  320:    {
        -:  321:      /* Line: 176       : IF                 : /app/src/SOLARCOST.cbl */
       32:  322:      module->module_stmt = 0x001000B0;
       32:  323:      cob_trace_stmt (st_5);
       32:  323-block  0
call    0 returned 100%
       32:  324:      if (((int)(int)(*(b_19) - 89) == 0))
branch  0 taken 3% (fallthrough)
branch  1 taken 97%
        -:  325:      {
        -:  326:        /* Line: 177       : MOVE               : /app/src/SOLARCOST.cbl */
        1:  327:        module->module_stmt = 0x001000B1;
        1:  328:        cob_trace_stmt (st_6);
        1:  328-block  0
call    0 returned 100%
        1:  329:        *(b_19) = 78;
        -:  330:        /* Line: 178       : DISPLAY            : /app/src/SOLARCOST.cbl */
        1:  331:        module->module_stmt = 0x001000B2;
        1:  332:        cob_trace_stmt (st_3);
call    0 returned 100%
        1:  333:        cob_display (0, 1, 1, &c_14);
call    0 returned 100%
        -:  334:      }
        -:  335:      else
        -:  336:      {
        -:  337:        /* ELSE */
        -:  338:        /* Line: 180       : PERFORM            : /app/src/SOLARCOST.cbl */
       31:  339:        module->module_stmt = 0x001000B4;
       31:  340:        cob_trace_stmt (st_1);
       31:  340-block  0
call    0 returned 100%
        -:  341:        /* PERFORM 220-PARSE-CSV-FIELDS */
       31:  342:        frame_ptr++;
       31:  343:        if (unlikely(frame_ptr == frame_overflow))
branch  0 taken 0% (fallthrough)
branch  1 taken 100%
    #####:  344:        	cob_fatal_error (COB_FERROR_STACK);
    %%%%%:  344-block  0
call    0 never executed
       31:  345:        frame_ptr->perform_through = 8;
       31:  346:        frame_ptr->return_address_ptr = &&l_30;
       31:  347:        goto l_8;
       31:  347-block  0
       31:  348:        l_30:
       31:  348-block  0
       31:  349:        frame_ptr--;
        -:  350:        /* Line: 181       : PERFORM            : /app/src/SOLARCOST.cbl */
       31:  351:        module->module_stmt = 0x001000B5;
       31:  352:        cob_trace_stmt (st_1);
       31:  352-block  0
call    0 returned 100%
        -:  353:        /* PERFORM 230-ACCUMULATE-TOTALS */
       31:  354:        frame_ptr++;
       31:  355:        if (unlikely(frame_ptr == frame_overflow))
branch  0 taken 0% (fallthrough)
branch  1 taken 100%
    #####:  356:        	cob_fatal_error (COB_FERROR_STACK);
    %%%%%:  356-block  0
call    0 never executed
       31:  357:        frame_ptr->perform_through = 9;
       31:  358:        frame_ptr->return_address_ptr = &&l_31;
       31:  359:        goto l_9;
       31:  359-block  0
       31:  360:        l_31:
       31:  360-block  0
       31:  361:        frame_ptr--;
        -:  362:        /* Line: 182       : ADD                : /app/src/SOLARCOST.cbl */
       31:  363:        module->module_stmt = 0x001000B6;
       31:  364:        cob_trace_stmt (st_8);
       31:  364-block  0
call    0 returned 100%
       31:  365:        cob_set_llint (&f_18, 100000LL, (cob_s64_t)(cob_get_numdisp (b_18, 5) + 1));
       31:  365-block  0
call    0 returned 100%
        -:  366:      }
        -:  367:    }
        -:  368:  }
        -:  369:  /* Line: 187       : DISPLAY            : /app/src/SOLARCOST.cbl */
        1:  370:  module->module_stmt = 0x001000BB;
        1:  371:  cob_trace_stmt (st_3);
        1:  371-block  0
call    0 returned 100%
        1:  372:  cob_display (0, 1, 3, &c_15, &f_18, &c_16);
call    0 returned 100%
        -:  373:
        -:  374:  /* Implicit PERFORM return */
        1:  375:  if (frame_ptr->perform_through == 6)
branch  0 taken 100% (fallthrough)
branch  1 taken 0%
        1:  376:    goto *frame_ptr->return_address_ptr;
        1:  376-block  0
        -:  377:
        -:  378:  /* Line: 192       : Paragraph 210-READ-CSV-RECORD     : /app/src/SOLARCOST.cbl */
    #####:  379:  l_7:;
    %%%%%:  379-block  0
        -:  380:  /* Line: 193       : READ               : /app/src/SOLARCOST.cbl */
       33:  381:  module->module_stmt = 0x001000C1;
       33:  382:  cob_trace_stmt (st_9);
       33:  382-block  0
call    0 returned 100%
       33:  383:  cob_read_next (h_CSV_INPUT_FILE, &f_14, 1);
call    0 returned 100%
       33:  384:  if (unlikely(cob_glob_ptr->cob_exception_code != 0))
branch  0 taken 3% (fallthrough)
branch  1 taken 97%
        -:  385:  {
        1:  386:    if (cob_glob_ptr->cob_exception_code == 0x0501)
        1:  386-block  0
branch  0 taken 100% (fallthrough)
branch  1 taken 0%
        -:  387:    {
        -:  388:      /* Line: 195       : SET                : /app/src/SOLARCOST.cbl */
        1:  389:      module->module_stmt = 0x001000C3;
        1:  390:      cob_trace_stmt (st_10);
        1:  390-block  0
call    0 returned 100%
        1:  391:      memcpy (b_14, "10", 2);
        -:  392:    }
        -:  393:    else
        -:  394:    {
        -:  395:      /* PERFORM Default Error Handler */
    #####:  396:      frame_ptr++;
    #####:  397:      if (unlikely(frame_ptr == frame_overflow))
    %%%%%:  397-block  0
branch  0 never executed
branch  1 never executed
    #####:  398:      	cob_fatal_error (COB_FERROR_STACK);
    %%%%%:  398-block  0
call    0 never executed
    #####:  399:      frame_ptr->perform_through = 1;
    #####:  400:      frame_ptr->return_address_ptr = &&l_32;
    #####:  401:      goto l_1;
    %%%%%:  401-block  0
    #####:  402:      l_32:
    #####:  403:      frame_ptr--;
    %%%%%:  403-block  0
        -:  404:    }
        -:  405:  }
        -:  406:
        -:  407:  /* Implicit PERFORM return */
       33:  408:  if (frame_ptr->perform_through == 7)
       33:  408-block  0
branch  0 taken 100% (fallthrough)
branch  1 taken 0%
       33:  409:    goto *frame_ptr->return_address_ptr;
       33:  409-block  0
        -:  410:
        -:  411:  /* Line: 201       : Paragraph 220-PARSE-CSV-FIELDS    : /app/src/SOLARCOST.cbl */
    #####:  412:  l_8:;
    %%%%%:  412-block  0
        -:  413:  /* Line: 202       : UNSTRING           : /app/src/SOLARCOST.cbl */
       31:  414:  module->module_stmt = 0x001000CA;
       31:  415:  cob_trace_stmt (st_11);
       31:  415-block  0
call    0 returned 100%
       31:  416:  cob_unstring_init (&f_8, NULL, 1);
call    0 returned 100%
       31:  417:  cob_unstring_delimited ((cob_field *)&c_17, 0);
call    0 returned 100%
       31:  418:  cob_unstring_into (&f_23, 0, 0);
call    0 returned 100%
       31:  419:  cob_unstring_into (&f_24, 0, 0);
call    0 returned 100%
       31:  420:  cob_unstring_into (&f_25, 0, 0);
call    0 returned 100%
       31:  421:  cob_unstring_into (&f_26, 0, 0);
call    0 returned 100%
       31:  422:  cob_unstring_into (&f_27, 0, 0);
call    0 returned 100%
       31:  423:  cob_unstring_into (&f_28, 0, 0);
call    0 returned 100%
       31:  424:  cob_unstring_into (&f_29, 0, 0);
call    0 returned 100%
       31:  425:  cob_unstring_into (&f_30, 0, 0);
call    0 returned 100%
       31:  426:  cob_unstring_into (&f_31, 0, 0);
call    0 returned 100%
       31:  427:  cob_unstring_into (&f_32, 0, 0);
call    0 returned 100%
       31:  428:  cob_unstring_into (&f_33, 0, 0);
call    0 returned 100%
       31:  429:  cob_unstring_into (&f_34, 0, 0);
call    0 returned 100%
       31:  430:  cob_unstring_into (&f_35, 0, 0);
call    0 returned 100%
       31:  431:  cob_unstring_into (&f_36, 0, 0);
call    0 returned 100%
       31:  432:  cob_unstring_into (&f_37, 0, 0);
call    0 returned 100%
       31:  433:  cob_unstring_finish ();
call    0 returned 100%
        -:  434:
        -:  435:  /* Implicit PERFORM return */
       31:  436:  if (frame_ptr->perform_through == 8)
branch  0 taken 100% (fallthrough)
branch  1 taken 0%
       31:  437:    goto *frame_ptr->return_address_ptr;
       31:  437-block  0
        -:  438:
        -:  439:  /* Line: 224       : Paragraph 230-ACCUMULATE-TOTALS   : /app/src/SOLARCOST.cbl */
    #####:  440:  l_9:;
    %%%%%:  440-block  0
        -:  441:  /* Line: 226       : IF                 : /app/src/SOLARCOST.cbl */
       31:  442:  module->module_stmt = 0x001000E2;
       31:  443:  cob_trace_stmt (st_5);
       31:  443-block  0
call    0 returned 100%
       31:  444:  if (((int)cob_cmp (&f_25, &cob_all_space) != 0))
call    0 returned 100%
branch  1 taken 100% (fallthrough)
branch  2 taken 0%
        -:  445:  {
        -:  446:    /* Line: 227       : MOVE               : /app/src/SOLARCOST.cbl */
       31:  447:    module->module_stmt = 0x001000E3;
       31:  448:    cob_trace_stmt (st_6);
       31:  448-block  0
call    0 returned 100%
       31:  449:    cob_move (cob_intr_numval (&f_25), &f_38);
call    0 returned 100%
call    1 returned 100%
        -:  450:    /* Line: 228       : ADD                : /app/src/SOLARCOST.cbl */
       31:  451:    module->module_stmt = 0x001000E4;
       31:  452:    cob_trace_stmt (st_8);
call    0 returned 100%
       31:  453:    cob_add (&f_40, &f_38, 0);
call    0 returned 100%
        -:  454:  }
        -:  455:  /* Line: 232       : IF                 : /app/src/SOLARCOST.cbl */
       31:  456:  module->module_stmt = 0x001000E8;
       31:  457:  cob_trace_stmt (st_5);
       31:  457-block  0
call    0 returned 100%
       31:  458:  if (((int)cob_cmp (&f_26, &cob_all_space) != 0))
call    0 returned 100%
branch  1 taken 100% (fallthrough)
branch  2 taken 0%
        -:  459:  {
        -:  460:    /* Line: 233       : MOVE               : /app/src/SOLARCOST.cbl */
       31:  461:    module->module_stmt = 0x001000E9;
       31:  462:    cob_trace_stmt (st_6);
       31:  462-block  0
call    0 returned 100%
       31:  463:    cob_move (cob_intr_numval (&f_26), &f_39);
call    0 returned 100%
call    1 returned 100%
        -:  464:    /* Line: 235       : ADD                : /app/src/SOLARCOST.cbl */
       31:  465:    module->module_stmt = 0x001000EB;
       31:  466:    cob_trace_stmt (st_8);
call    0 returned 100%
       31:  467:    cob_add (&f_41, &f_39, 0);
call    0 returned 100%
        -:  468:  }
        -:  469:
        -:  470:  /* Implicit PERFORM return */
       31:  471:  if (frame_ptr->perform_through == 9)
       31:  471-block  0
branch  0 taken 100% (fallthrough)
branch  1 taken 0%
       31:  472:    goto *frame_ptr->return_address_ptr;
       31:  472-block  0
        -:  473:
        -:  474:  /* Line: 241       : Paragraph 300-CALCULATE-COSTS     : /app/src/SOLARCOST.cbl */
    #####:  475:  l_10:;
    %%%%%:  475-block  0
        -:  476:  /* Line: 242       : DISPLAY            : /app/src/SOLARCOST.cbl */
        1:  477:  module->module_stmt = 0x001000F2;
        1:  478:  cob_trace_stmt (st_3);
        1:  478-block  0
call    0 returned 100%
        1:  479:  cob_display (0, 1, 1, &c_18);
call    0 returned 100%
        -:  480:  /* Line: 244       : PERFORM            : /app/src/SOLARCOST.cbl */
        1:  481:  module->module_stmt = 0x001000F4;
        1:  482:  cob_trace_stmt (st_1);
call    0 returned 100%
        -:  483:  /* PERFORM 310-CONVERT-TO-KWH */
        1:  484:  frame_ptr++;
        1:  485:  if (unlikely(frame_ptr == frame_overflow))
branch  0 taken 0% (fallthrough)
branch  1 taken 100%
    #####:  486:  	cob_fatal_error (COB_FERROR_STACK);
    %%%%%:  486-block  0
call    0 never executed
        1:  487:  frame_ptr->perform_through = 11;
        1:  488:  frame_ptr->return_address_ptr = &&l_33;
        1:  489:  goto l_11;
        1:  489-block  0
        1:  490:  l_33:
        1:  490-block  0
        1:  491:  frame_ptr--;
        -:  492:  /* Line: 245       : PERFORM            : /app/src/SOLARCOST.cbl */
        1:  493:  module->module_stmt = 0x001000F5;
        1:  494:  cob_trace_stmt (st_1);
        1:  494-block  0
call    0 returned 100%
        -:  495:  /* PERFORM 320-CALCULATE-FINANCIALS */
        1:  496:  frame_ptr++;
        1:  497:  if (unlikely(frame_ptr == frame_overflow))
branch  0 taken 0% (fallthrough)
branch  1 taken 100%
    #####:  498:  	cob_fatal_error (COB_FERROR_STACK);
    %%%%%:  498-block  0
call    0 never executed
        1:  499:  frame_ptr->perform_through = 12;
        1:  500:  frame_ptr->return_address_ptr = &&l_34;
        1:  501:  goto l_12;
        1:  501-block  0
        1:  502:  l_34:
        1:  502-block  0
        1:  503:  frame_ptr--;
        -:  504:  /* Line: 246       : PERFORM            : /app/src/SOLARCOST.cbl */
        1:  505:  module->module_stmt = 0x001000F6;
        1:  506:  cob_trace_stmt (st_1);
        1:  506-block  0
call    0 returned 100%
        -:  507:  /* PERFORM 330-COMPUTE-PROJECTIONS */
        1:  508:  frame_ptr++;
        1:  509:  if (unlikely(frame_ptr == frame_overflow))
branch  0 taken 0% (fallthrough)
branch  1 taken 100%
    #####:  510:  	cob_fatal_error (COB_FERROR_STACK);
    %%%%%:  510-block  0
call    0 never executed
        1:  511:  frame_ptr->perform_through = 13;
        1:  512:  frame_ptr->return_address_ptr = &&l_35;
        1:  513:  goto l_13;
        1:  513-block  0
        1:  514:  l_35:
        1:  515:  frame_ptr--;
        -:  516:
        -:  517:  /* Implicit PERFORM return */
        1:  518:  if (frame_ptr->perform_through == 10)
        1:  518-block  0
branch  0 taken 100% (fallthrough)
branch  1 taken 0%
        1:  519:    goto *frame_ptr->return_address_ptr;
        1:  519-block  0
        -:  520:
        -:  521:  /* Line: 251       : Paragraph 310-CONVERT-TO-KWH      : /app/src/SOLARCOST.cbl */
    #####:  522:  l_11:;
    %%%%%:  522-block  0
        -:  523:  /* Line: 253       : COMPUTE            : /app/src/SOLARCOST.cbl */
        1:  524:  module->module_stmt = 0x001000FD;
        1:  525:  cob_trace_stmt (st_12);
        1:  525-block  0
call    0 returned 100%
        1:  526:  cob_decimal_set_field (d0, &f_40);
call    0 returned 100%
        1:  527:  cob_decimal_div (d0, dc_1);
call    0 returned 100%
        1:  528:  cob_decimal_get_field (d0, &f_43, 0);
call    0 returned 100%
        -:  529:  /* Line: 254       : COMPUTE            : /app/src/SOLARCOST.cbl */
        1:  530:  module->module_stmt = 0x001000FE;
        1:  531:  cob_trace_stmt (st_12);
call    0 returned 100%
        1:  532:  cob_decimal_set_field (d0, &f_41);
call    0 returned 100%
        1:  533:  cob_decimal_div (d0, dc_1);
call    0 returned 100%
        1:  534:  cob_decimal_get_field (d0, &f_44, 0);
call    0 returned 100%
        -:  535:
        -:  536:  /* Implicit PERFORM return */
        1:  537:  if (frame_ptr->perform_through == 11)
branch  0 taken 100% (fallthrough)
branch  1 taken 0%
        1:  538:    goto *frame_ptr->return_address_ptr;
        1:  538-block  0
        -:  539:
        -:  540:  /* Line: 260       : Paragraph 320-CALCULATE-FINANCIALS: /app/src/SOLARCOST.cbl */
    #####:  541:  l_12:;
    %%%%%:  541-block  0
        -:  542:  /* Line: 262       : COMPUTE            : /app/src/SOLARCOST.cbl */
        1:  543:  module->module_stmt = 0x00100106;
        1:  544:  cob_trace_stmt (st_12);
        1:  544-block  0
call    0 returned 100%
        1:  545:  cob_decimal_set_field (d0, &f_43);
call    0 returned 100%
        1:  546:  cob_decimal_set_field (d1, &f_42);
call    0 returned 100%
        1:  547:  cob_decimal_mul (d0, d1);
call    0 returned 100%
        1:  548:  cob_decimal_get_field (d0, &f_45, 0);
call    0 returned 100%
        -:  549:  /* Line: 266       : COMPUTE            : /app/src/SOLARCOST.cbl */
        1:  550:  module->module_stmt = 0x0010010A;
        1:  551:  cob_trace_stmt (st_12);
call    0 returned 100%
        1:  552:  cob_decimal_set_field (d0, &f_44);
call    0 returned 100%
        1:  553:  cob_decimal_set_field (d1, &f_42);
call    0 returned 100%
        1:  554:  cob_decimal_mul (d0, d1);
call    0 returned 100%
        1:  555:  cob_decimal_get_field (d0, &f_46, 0);
call    0 returned 100%
        -:  556:  /* Line: 270       : COMPUTE            : /app/src/SOLARCOST.cbl */
        1:  557:  module->module_stmt = 0x0010010E;
        1:  558:  cob_trace_stmt (st_12);
call    0 returned 100%
        1:  559:  cob_decimal_set_field (d0, &f_45);
call    0 returned 100%
        1:  560:  cob_decimal_set_field (d1, &f_46);
call    0 returned 100%
        1:  561:  cob_decimal_sub (d0, d1);
call    0 returned 100%
        1:  562:  cob_decimal_get_field (d0, &f_47, 0);
call    0 returned 100%
        -:  563:  /* Line: 274       : IF                 : /app/src/SOLARCOST.cbl */
        1:  564:  module->module_stmt = 0x00100112;
        1:  565:  cob_trace_stmt (st_5);
call    0 returned 100%
        1:  566:  if (((int)cob_cmp_llint (&f_44, 0LL) > 0))
call    0 returned 100%
branch  1 taken 0% (fallthrough)
branch  2 taken 100%
        -:  567:  {
        -:  568:    /* Line: 275       : COMPUTE            : /app/src/SOLARCOST.cbl */
    #####:  569:    module->module_stmt = 0x00100113;
    #####:  570:    cob_trace_stmt (st_12);
    %%%%%:  570-block  0
call    0 never executed
    #####:  571:    cob_decimal_set_field (d0, &f_43);
call    0 never executed
    #####:  572:    cob_decimal_set_field (d1, &f_44);
call    0 never executed
    #####:  573:    cob_decimal_div (d0, d1);
call    0 never executed
    #####:  574:    cob_decimal_mul (d0, dc_2);
call    0 never executed
    #####:  575:    cob_decimal_get_field (d0, &f_48, 0);
call    0 never executed
        -:  576:  }
        -:  577:  else
        -:  578:  {
        -:  579:    /* ELSE */
        -:  580:    /* Line: 279       : MOVE               : /app/src/SOLARCOST.cbl */
        1:  581:    module->module_stmt = 0x00100117;
        1:  582:    cob_trace_stmt (st_6);
        1:  582-block  0
call    0 returned 100%
        1:  583:    cob_set_packed_zero (&f_48);
call    0 returned 100%
        -:  584:  }
        -:  585:
        -:  586:  /* Implicit PERFORM return */
        1:  587:  if (frame_ptr->perform_through == 12)
        1:  587-block  0
branch  0 taken 100% (fallthrough)
branch  1 taken 0%
        1:  588:    goto *frame_ptr->return_address_ptr;
        1:  588-block  0
        -:  589:
        -:  590:  /* Line: 285       : Paragraph 330-COMPUTE-PROJECTIONS : /app/src/SOLARCOST.cbl */
    #####:  591:  l_13:;
    %%%%%:  591-block  0
        -:  592:  /* Line: 287       : IF                 : /app/src/SOLARCOST.cbl */
        1:  593:  module->module_stmt = 0x0010011F;
        1:  594:  cob_trace_stmt (st_5);
        1:  594-block  0
call    0 returned 100%
        1:  595:  if ( (cob_get_numdisp (b_18, 5) > 0) )
        1:  595-block  0
branch  0 taken 100% (fallthrough)
branch  1 taken 0%
        -:  596:  {
        -:  597:    /* Line: 288       : COMPUTE            : /app/src/SOLARCOST.cbl */
        1:  598:    module->module_stmt = 0x00100120;
        1:  599:    cob_trace_stmt (st_12);
        1:  599-block  0
call    0 returned 100%
        1:  600:    cob_decimal_set_field (d0, &f_43);
call    0 returned 100%
        1:  601:    cob_decimal_set_field (d1, &f_18);
call    0 returned 100%
        1:  602:    cob_decimal_div (d0, d1);
call    0 returned 100%
        1:  603:    cob_decimal_get_field (d0, &f_49, 0);
call    0 returned 100%
        -:  604:    /* Line: 290       : COMPUTE            : /app/src/SOLARCOST.cbl */
        1:  605:    module->module_stmt = 0x00100122;
        1:  606:    cob_trace_stmt (st_12);
call    0 returned 100%
        1:  607:    cob_decimal_set_field (d0, &f_44);
call    0 returned 100%
        1:  608:    cob_decimal_set_field (d1, &f_18);
call    0 returned 100%
        1:  609:    cob_decimal_div (d0, d1);
call    0 returned 100%
        1:  610:    cob_decimal_get_field (d0, &f_50, 0);
call    0 returned 100%
        -:  611:    /* Line: 294       : COMPUTE            : /app/src/SOLARCOST.cbl */
        1:  612:    module->module_stmt = 0x00100126;
        1:  613:    cob_trace_stmt (st_12);
call    0 returned 100%
        1:  614:    cob_decimal_set_field (d0, &f_47);
call    0 returned 100%
        1:  615:    cob_decimal_set_llint (d1, 365LL);
call    0 returned 100%
        1:  616:    cob_decimal_set_field (d2, &f_18);
call    0 returned 100%
        1:  617:    cob_decimal_div (d1, d2);
call    0 returned 100%
        1:  618:    cob_decimal_mul (d0, d1);
call    0 returned 100%
        1:  619:    cob_decimal_get_field (d0, &f_51, 0);
call    0 returned 100%
        -:  620:    /* Line: 298       : IF                 : /app/src/SOLARCOST.cbl */
        1:  621:    module->module_stmt = 0x0010012A;
        1:  622:    cob_trace_stmt (st_5);
call    0 returned 100%
        1:  623:    if (((int)cob_cmp_llint (&f_51, 0LL) > 0))
call    0 returned 100%
branch  1 taken 100% (fallthrough)
branch  2 taken 0%
        -:  624:    {
        -:  625:      /* Line: 299       : COMPUTE            : /app/src/SOLARCOST.cbl */
        1:  626:      module->module_stmt = 0x0010012B;
        1:  627:      cob_trace_stmt (st_12);
        1:  627-block  0
call    0 returned 100%
        1:  628:      cob_decimal_set_llint (d0, 1000LL);
call    0 returned 100%
        1:  629:      cob_decimal_set_field (d1, &f_51);
call    0 returned 100%
        1:  630:      cob_decimal_div (d0, d1);
call    0 returned 100%
        1:  631:      cob_decimal_get_field (d0, &f_59, 0);
call    0 returned 100%
        -:  632:      /* Line: 301       : COMPUTE            : /app/src/SOLARCOST.cbl */
        1:  633:      module->module_stmt = 0x0010012D;
        1:  634:      cob_trace_stmt (st_12);
call    0 returned 100%
        1:  635:      cob_decimal_set_llint (d0, 2000LL);
call    0 returned 100%
        1:  636:      cob_decimal_set_field (d1, &f_51);
call    0 returned 100%
        1:  637:      cob_decimal_div (d0, d1);
call    0 returned 100%
        1:  638:      cob_decimal_get_field (d0, &f_60, 0);
call    0 returned 100%
        -:  639:      /* Line: 303       : COMPUTE            : /app/src/SOLARCOST.cbl */
        1:  640:      module->module_stmt = 0x0010012F;
        1:  641:      cob_trace_stmt (st_12);
call    0 returned 100%
        1:  642:      cob_decimal_set_llint (d0, 3000LL);
call    0 returned 100%
        1:  643:      cob_decimal_set_field (d1, &f_51);
call    0 returned 100%
        1:  644:      cob_decimal_div (d0, d1);
call    0 returned 100%
        1:  645:      cob_decimal_get_field (d0, &f_61, 0);
call    0 returned 100%
        -:  646:    }
        -:  647:    else
        -:  648:    {
        -:  649:      /* ELSE */
        -:  650:      /* Line: 306       : MOVE               : /app/src/SOLARCOST.cbl */
    #####:  651:      module->module_stmt = 0x00100132;
    #####:  652:      cob_trace_stmt (st_6);
    %%%%%:  652-block  0
call    0 never executed
    #####:  653:      cob_move ((cob_field *)&c_19, &f_59);
call    0 never executed
        -:  654:      /* Line: 307       : MOVE               : /app/src/SOLARCOST.cbl */
    #####:  655:      module->module_stmt = 0x00100133;
    #####:  656:      cob_trace_stmt (st_6);
call    0 never executed
    #####:  657:      cob_move ((cob_field *)&c_19, &f_60);
call    0 never executed
        -:  658:      /* Line: 308       : MOVE               : /app/src/SOLARCOST.cbl */
    #####:  659:      module->module_stmt = 0x00100134;
    #####:  660:      cob_trace_stmt (st_6);
call    0 never executed
    #####:  661:      cob_move ((cob_field *)&c_19, &f_61);
call    0 never executed
        -:  662:    }
        -:  663:  }
        -:  664:
        -:  665:  /* Implicit PERFORM return */
        1:  666:  if (frame_ptr->perform_through == 13)
        1:  666-block  0
branch  0 taken 100% (fallthrough)
branch  1 taken 0%
        1:  667:    goto *frame_ptr->return_address_ptr;
        1:  667-block  0
        -:  668:
        -:  669:  /* Line: 315       : Paragraph 400-GENERATE-REPORT     : /app/src/SOLARCOST.cbl */
    #####:  670:  l_14:;
    %%%%%:  670-block  0
        -:  671:  /* Line: 316       : DISPLAY            : /app/src/SOLARCOST.cbl */
        1:  672:  module->module_stmt = 0x0010013C;
        1:  673:  cob_trace_stmt (st_3);
        1:  673-block  0
call    0 returned 100%
        1:  674:  cob_display (0, 1, 1, &c_20);
call    0 returned 100%
        -:  675:  /* Line: 318       : PERFORM            : /app/src/SOLARCOST.cbl */
        1:  676:  module->module_stmt = 0x0010013E;
        1:  677:  cob_trace_stmt (st_1);
call    0 returned 100%
        -:  678:  /* PERFORM 410-PRINT-HEADER */
        1:  679:  frame_ptr++;
        1:  680:  if (unlikely(frame_ptr == frame_overflow))
branch  0 taken 0% (fallthrough)
branch  1 taken 100%
    #####:  681:  	cob_fatal_error (COB_FERROR_STACK);
    %%%%%:  681-block  0
call    0 never executed
        1:  682:  frame_ptr->perform_through = 15;
        1:  683:  frame_ptr->return_address_ptr = &&l_36;
        1:  684:  goto l_15;
        1:  684-block  0
        1:  685:  l_36:
        1:  685-block  0
        1:  686:  frame_ptr--;
        -:  687:  /* Line: 319       : PERFORM            : /app/src/SOLARCOST.cbl */
        1:  688:  module->module_stmt = 0x0010013F;
        1:  689:  cob_trace_stmt (st_1);
        1:  689-block  0
call    0 returned 100%
        -:  690:  /* PERFORM 420-PRINT-ENERGY-SUMMARY */
        1:  691:  frame_ptr++;
        1:  692:  if (unlikely(frame_ptr == frame_overflow))
branch  0 taken 0% (fallthrough)
branch  1 taken 100%
    #####:  693:  	cob_fatal_error (COB_FERROR_STACK);
    %%%%%:  693-block  0
call    0 never executed
        1:  694:  frame_ptr->perform_through = 16;
        1:  695:  frame_ptr->return_address_ptr = &&l_37;
        1:  696:  goto l_16;
        1:  696-block  0
        1:  697:  l_37:
        1:  697-block  0
        1:  698:  frame_ptr--;
        -:  699:  /* Line: 320       : PERFORM            : /app/src/SOLARCOST.cbl */
        1:  700:  module->module_stmt = 0x00100140;
        1:  701:  cob_trace_stmt (st_1);
        1:  701-block  0
call    0 returned 100%
        -:  702:  /* PERFORM 430-PRINT-FINANCIAL-ANALYSIS */
        1:  703:  frame_ptr++;
        1:  704:  if (unlikely(frame_ptr == frame_overflow))
branch  0 taken 0% (fallthrough)
branch  1 taken 100%
    #####:  705:  	cob_fatal_error (COB_FERROR_STACK);
    %%%%%:  705-block  0
call    0 never executed
        1:  706:  frame_ptr->perform_through = 17;
        1:  707:  frame_ptr->return_address_ptr = &&l_38;
        1:  708:  goto l_17;
        1:  708-block  0
        1:  709:  l_38:
        1:  709-block  0
        1:  710:  frame_ptr--;
        -:  711:  /* Line: 321       : PERFORM            : /app/src/SOLARCOST.cbl */
        1:  712:  module->module_stmt = 0x00100141;
        1:  713:  cob_trace_stmt (st_1);
        1:  713-block  0
call    0 returned 100%
        -:  714:  /* PERFORM 440-PRINT-PROJECTIONS */
        1:  715:  frame_ptr++;
        1:  716:  if (unlikely(frame_ptr == frame_overflow))
branch  0 taken 0% (fallthrough)
branch  1 taken 100%
    #####:  717:  	cob_fatal_error (COB_FERROR_STACK);
    %%%%%:  717-block  0
call    0 never executed
        1:  718:  frame_ptr->perform_through = 18;
        1:  719:  frame_ptr->return_address_ptr = &&l_39;
        1:  720:  goto l_18;
        1:  720-block  0
        1:  721:  l_39:
        1:  721-block  0
        1:  722:  frame_ptr--;
        -:  723:  /* Line: 322       : PERFORM            : /app/src/SOLARCOST.cbl */
        1:  724:  module->module_stmt = 0x00100142;
        1:  725:  cob_trace_stmt (st_1);
        1:  725-block  0
call    0 returned 100%
        -:  726:  /* PERFORM 450-PRINT-INVESTMENT-GUIDANCE */
        1:  727:  frame_ptr++;
        1:  728:  if (unlikely(frame_ptr == frame_overflow))
branch  0 taken 0% (fallthrough)
branch  1 taken 100%
    #####:  729:  	cob_fatal_error (COB_FERROR_STACK);
    %%%%%:  729-block  0
call    0 never executed
        1:  730:  frame_ptr->perform_through = 19;
        1:  731:  frame_ptr->return_address_ptr = &&l_40;
        1:  732:  goto l_19;
        1:  732-block  0
        1:  733:  l_40:
        1:  733-block  0
        1:  734:  frame_ptr--;
        -:  735:  /* Line: 323       : PERFORM            : /app/src/SOLARCOST.cbl */
        1:  736:  module->module_stmt = 0x00100143;
        1:  737:  cob_trace_stmt (st_1);
        1:  737-block  0
call    0 returned 100%
        -:  738:  /* PERFORM 460-PRINT-FOOTER */
        1:  739:  frame_ptr++;
        1:  740:  if (unlikely(frame_ptr == frame_overflow))
branch  0 taken 0% (fallthrough)
branch  1 taken 100%
    #####:  741:  	cob_fatal_error (COB_FERROR_STACK);
    %%%%%:  741-block  0
call    0 never executed
        1:  742:  frame_ptr->perform_through = 20;
        1:  743:  frame_ptr->return_address_ptr = &&l_41;
        1:  744:  goto l_20;
        1:  744-block  0
        1:  745:  l_41:
        1:  746:  frame_ptr--;
        -:  747:
        -:  748:  /* Implicit PERFORM return */
        1:  749:  if (frame_ptr->perform_through == 14)
        1:  749-block  0
branch  0 taken 100% (fallthrough)
branch  1 taken 0%
        1:  750:    goto *frame_ptr->return_address_ptr;
        1:  750-block  0
        -:  751:
        -:  752:  /* Line: 328       : Paragraph 410-PRINT-HEADER        : /app/src/SOLARCOST.cbl */
    #####:  753:  l_15:;
    %%%%%:  753-block  0
        -:  754:  /* Line: 329       : WRITE              : /app/src/SOLARCOST.cbl */
        1:  755:  module->module_stmt = 0x00100149;
        1:  756:  cob_trace_stmt (st_13);
        1:  756-block  0
call    0 returned 100%
        1:  757:  memcpy (b_11, b_62 + 70, 70);
        1:  758:  cob_write (h_REPORT_OUTPUT_FILE, &f_10, 2162689, &f_17, 0);
call    0 returned 100%
        1:  759:  if (unlikely(cob_glob_ptr->cob_exception_code != 0))
branch  0 taken 0% (fallthrough)
branch  1 taken 100%
        -:  760:  {
        -:  761:    /* PERFORM Default Error Handler */
    #####:  762:    frame_ptr++;
    #####:  763:    if (unlikely(frame_ptr == frame_overflow))
    %%%%%:  763-block  0
branch  0 never executed
branch  1 never executed
    #####:  764:    	cob_fatal_error (COB_FERROR_STACK);
    %%%%%:  764-block  0
call    0 never executed
    #####:  765:    frame_ptr->perform_through = 1;
    #####:  766:    frame_ptr->return_address_ptr = &&l_42;
    #####:  767:    goto l_1;
    %%%%%:  767-block  0
    #####:  768:    l_42:
    #####:  769:    frame_ptr--;
    %%%%%:  769-block  0
        -:  770:  }
        -:  771:  /* Line: 330       : MOVE               : /app/src/SOLARCOST.cbl */
        1:  772:  module->module_stmt = 0x0010014A;
        1:  773:  cob_trace_stmt (st_6);
        1:  773-block  0
call    0 returned 100%
        1:  774:  cob_move ((cob_field *)&c_21, &f_10);
call    0 returned 100%
        -:  775:  /* Line: 331       : WRITE              : /app/src/SOLARCOST.cbl */
        1:  776:  module->module_stmt = 0x0010014B;
        1:  777:  cob_trace_stmt (st_13);
call    0 returned 100%
        1:  778:  cob_write (h_REPORT_OUTPUT_FILE, &f_10, 2162689, &f_17, 0);
call    0 returned 100%
        1:  779:  if (unlikely(cob_glob_ptr->cob_exception_code != 0))
branch  0 taken 0% (fallthrough)
branch  1 taken 100%
        -:  780:  {
        -:  781:    /* PERFORM Default Error Handler */
    #####:  782:    frame_ptr++;
    #####:  783:    if (unlikely(frame_ptr == frame_overflow))
    %%%%%:  783-block  0
branch  0 never executed
branch  1 never executed
    #####:  784:    	cob_fatal_error (COB_FERROR_STACK);
    %%%%%:  784-block  0
call    0 never executed
    #####:  785:    frame_ptr->perform_through = 1;
    #####:  786:    frame_ptr->return_address_ptr = &&l_43;
    #####:  787:    goto l_1;
    %%%%%:  787-block  0
    #####:  788:    l_43:
    #####:  789:    frame_ptr--;
    %%%%%:  789-block  0
        -:  790:  }
        -:  791:  /* Line: 332       : WRITE              : /app/src/SOLARCOST.cbl */
        1:  792:  module->module_stmt = 0x0010014C;
        1:  793:  cob_trace_stmt (st_13);
        1:  793-block  0
call    0 returned 100%
        1:  794:  memcpy (b_11, b_62 + 70, 70);
        1:  795:  cob_write (h_REPORT_OUTPUT_FILE, &f_10, 2162689, &f_17, 0);
call    0 returned 100%
        1:  796:  if (unlikely(cob_glob_ptr->cob_exception_code != 0))
branch  0 taken 0% (fallthrough)
branch  1 taken 100%
        -:  797:  {
        -:  798:    /* PERFORM Default Error Handler */
    #####:  799:    frame_ptr++;
    #####:  800:    if (unlikely(frame_ptr == frame_overflow))
    %%%%%:  800-block  0
branch  0 never executed
branch  1 never executed
    #####:  801:    	cob_fatal_error (COB_FERROR_STACK);
    %%%%%:  801-block  0
call    0 never executed
    #####:  802:    frame_ptr->perform_through = 1;
    #####:  803:    frame_ptr->return_address_ptr = &&l_44;
    #####:  804:    goto l_1;
    %%%%%:  804-block  0
    #####:  805:    l_44:
    #####:  806:    frame_ptr--;
    %%%%%:  806-block  0
        -:  807:  }
        -:  808:  /* Line: 333       : WRITE              : /app/src/SOLARCOST.cbl */
        1:  809:  module->module_stmt = 0x0010014D;
        1:  810:  cob_trace_stmt (st_13);
        1:  810-block  0
call    0 returned 100%
        1:  811:  memset (b_11, 32, 70);
        1:  812:  cob_write (h_REPORT_OUTPUT_FILE, &f_10, 2162689, &f_17, 0);
call    0 returned 100%
        1:  813:  if (unlikely(cob_glob_ptr->cob_exception_code != 0))
branch  0 taken 0% (fallthrough)
branch  1 taken 100%
        -:  814:  {
        -:  815:    /* PERFORM Default Error Handler */
    #####:  816:    frame_ptr++;
    #####:  817:    if (unlikely(frame_ptr == frame_overflow))
    %%%%%:  817-block  0
branch  0 never executed
branch  1 never executed
    #####:  818:    	cob_fatal_error (COB_FERROR_STACK);
    %%%%%:  818-block  0
call    0 never executed
    #####:  819:    frame_ptr->perform_through = 1;
    #####:  820:    frame_ptr->return_address_ptr = &&l_45;
    #####:  821:    goto l_1;
    %%%%%:  821-block  0
    #####:  822:    l_45:
    #####:  823:    frame_ptr--;
    %%%%%:  823-block  0
        -:  824:  }
        -:  825:  /* Line: 336       : MOVE               : /app/src/SOLARCOST.cbl */
        1:  826:  module->module_stmt = 0x00100150;
        1:  827:  cob_trace_stmt (st_6);
        1:  827-block  0
call    0 returned 100%
        1:  828:  memset (b_11, 32, 70);
        -:  829:  /* Line: 337       : MOVE               : /app/src/SOLARCOST.cbl */
        1:  830:  module->module_stmt = 0x00100151;
        1:  831:  cob_trace_stmt (st_6);
call    0 returned 100%
        1:  832:  cob_move (&f_18, &f_57);
call    0 returned 100%
        -:  833:  /* Line: 338       : STRING             : /app/src/SOLARCOST.cbl */
        1:  834:  module->module_stmt = 0x00100152;
        1:  835:  cob_trace_stmt (st_14);
call    0 returned 100%
        1:  836:  cob_string_init (&f_10, NULL);
call    0 returned 100%
        1:  837:  cob_string_delimited (NULL);
call    0 returned 100%
        1:  838:  cob_string_append ((cob_field *)&c_22);
call    0 returned 100%
        1:  839:  cob_string_delimited (NULL);
call    0 returned 100%
        1:  840:  cob_string_append (&f_57);
call    0 returned 100%
        1:  841:  cob_string_delimited (NULL);
call    0 returned 100%
        1:  842:  cob_string_append ((cob_field *)&c_23);
call    0 returned 100%
        1:  843:  cob_string_finish ();
call    0 returned 100%
        -:  844:  /* Line: 342       : WRITE              : /app/src/SOLARCOST.cbl */
        1:  845:  module->module_stmt = 0x00100156;
        1:  846:  cob_trace_stmt (st_13);
call    0 returned 100%
        1:  847:  cob_write (h_REPORT_OUTPUT_FILE, &f_10, 2162689, &f_17, 0);
call    0 returned 100%
        1:  848:  if (unlikely(cob_glob_ptr->cob_exception_code != 0))
branch  0 taken 0% (fallthrough)
branch  1 taken 100%
        -:  849:  {
        -:  850:    /* PERFORM Default Error Handler */
    #####:  851:    frame_ptr++;
    #####:  852:    if (unlikely(frame_ptr == frame_overflow))
    %%%%%:  852-block  0
branch  0 never executed
branch  1 never executed
    #####:  853:    	cob_fatal_error (COB_FERROR_STACK);
    %%%%%:  853-block  0
call    0 never executed
    #####:  854:    frame_ptr->perform_through = 1;
    #####:  855:    frame_ptr->return_address_ptr = &&l_46;
    #####:  856:    goto l_1;
    %%%%%:  856-block  0
    #####:  857:    l_46:
    #####:  858:    frame_ptr--;
    %%%%%:  858-block  0
        -:  859:  }
        -:  860:  /* Line: 345       : MOVE               : /app/src/SOLARCOST.cbl */
        1:  861:  module->module_stmt = 0x00100159;
        1:  862:  cob_trace_stmt (st_6);
        1:  862-block  0
call    0 returned 100%
        1:  863:  cob_move ((cob_field *)&c_24, &f_10);
call    0 returned 100%
        -:  864:  /* Line: 346       : WRITE              : /app/src/SOLARCOST.cbl */
        1:  865:  module->module_stmt = 0x0010015A;
        1:  866:  cob_trace_stmt (st_13);
call    0 returned 100%
        1:  867:  cob_write (h_REPORT_OUTPUT_FILE, &f_10, 2162689, &f_17, 0);
call    0 returned 100%
        1:  868:  if (unlikely(cob_glob_ptr->cob_exception_code != 0))
branch  0 taken 0% (fallthrough)
branch  1 taken 100%
        -:  869:  {
        -:  870:    /* PERFORM Default Error Handler */
    #####:  871:    frame_ptr++;
    #####:  872:    if (unlikely(frame_ptr == frame_overflow))
    %%%%%:  872-block  0
branch  0 never executed
branch  1 never executed
    #####:  873:    	cob_fatal_error (COB_FERROR_STACK);
    %%%%%:  873-block  0
call    0 never executed
    #####:  874:    frame_ptr->perform_through = 1;
    #####:  875:    frame_ptr->return_address_ptr = &&l_47;
    #####:  876:    goto l_1;
    %%%%%:  876-block  0
    #####:  877:    l_47:
    #####:  878:    frame_ptr--;
    %%%%%:  878-block  0
        -:  879:  }
        -:  880:  /* Line: 347       : WRITE              : /app/src/SOLARCOST.cbl */
        1:  881:  module->module_stmt = 0x0010015B;
        1:  882:  cob_trace_stmt (st_13);
        1:  882-block  0
call    0 returned 100%
        1:  883:  memset (b_11, 32, 70);
        1:  884:  cob_write (h_REPORT_OUTPUT_FILE, &f_10, 2162689, &f_17, 0);
call    0 returned 100%
        1:  885:  if (unlikely(cob_glob_ptr->cob_exception_code != 0))
branch  0 taken 0% (fallthrough)
branch  1 taken 100%
        -:  886:  {
        -:  887:    /* PERFORM Default Error Handler */
    #####:  888:    frame_ptr++;
    #####:  889:    if (unlikely(frame_ptr == frame_overflow))
    %%%%%:  889-block  0
branch  0 never executed
branch  1 never executed
    #####:  890:    	cob_fatal_error (COB_FERROR_STACK);
    %%%%%:  890-block  0
call    0 never executed
    #####:  891:    frame_ptr->perform_through = 1;
    #####:  892:    frame_ptr->return_address_ptr = &&l_48;
    #####:  893:    goto l_1;
    %%%%%:  893-block  0
    #####:  894:    l_48:
    #####:  895:    frame_ptr--;
    %%%%%:  895-block  0
        -:  896:  }
        -:  897:
        -:  898:  /* Implicit PERFORM return */
        1:  899:  if (frame_ptr->perform_through == 15)
        1:  899-block  0
branch  0 taken 100% (fallthrough)
branch  1 taken 0%
        1:  900:    goto *frame_ptr->return_address_ptr;
        1:  900-block  0
        -:  901:
        -:  902:  /* Line: 352       : Paragraph 420-PRINT-ENERGY-SUMMARY: /app/src/SOLARCOST.cbl */
    #####:  903:  l_16:;
    %%%%%:  903-block  0
        -:  904:  /* Line: 353       : WRITE              : /app/src/SOLARCOST.cbl */
        1:  905:  module->module_stmt = 0x00100161;
        1:  906:  cob_trace_stmt (st_13);
        1:  906-block  0
call    0 returned 100%
        1:  907:  memcpy (b_11, b_62, 70);
        1:  908:  cob_write (h_REPORT_OUTPUT_FILE, &f_10, 2162689, &f_17, 0);
call    0 returned 100%
        1:  909:  if (unlikely(cob_glob_ptr->cob_exception_code != 0))
branch  0 taken 0% (fallthrough)
branch  1 taken 100%
        -:  910:  {
        -:  911:    /* PERFORM Default Error Handler */
    #####:  912:    frame_ptr++;
    #####:  913:    if (unlikely(frame_ptr == frame_overflow))
    %%%%%:  913-block  0
branch  0 never executed
branch  1 never executed
    #####:  914:    	cob_fatal_error (COB_FERROR_STACK);
    %%%%%:  914-block  0
call    0 never executed
    #####:  915:    frame_ptr->perform_through = 1;
    #####:  916:    frame_ptr->return_address_ptr = &&l_49;
    #####:  917:    goto l_1;
    %%%%%:  917-block  0
    #####:  918:    l_49:
    #####:  919:    frame_ptr--;
    %%%%%:  919-block  0
        -:  920:  }
        -:  921:  /* Line: 354       : MOVE               : /app/src/SOLARCOST.cbl */
        1:  922:  module->module_stmt = 0x00100162;
        1:  923:  cob_trace_stmt (st_6);
        1:  923-block  0
call    0 returned 100%
        1:  924:  cob_move ((cob_field *)&c_25, &f_10);
call    0 returned 100%
        -:  925:  /* Line: 355       : WRITE              : /app/src/SOLARCOST.cbl */
        1:  926:  module->module_stmt = 0x00100163;
        1:  927:  cob_trace_stmt (st_13);
call    0 returned 100%
        1:  928:  cob_write (h_REPORT_OUTPUT_FILE, &f_10, 2162689, &f_17, 0);
call    0 returned 100%
        1:  929:  if (unlikely(cob_glob_ptr->cob_exception_code != 0))
branch  0 taken 0% (fallthrough)
branch  1 taken 100%
        -:  930:  {
        -:  931:    /* PERFORM Default Error Handler */
    #####:  932:    frame_ptr++;
    #####:  933:    if (unlikely(frame_ptr == frame_overflow))
    %%%%%:  933-block  0
branch  0 never executed
branch  1 never executed
    #####:  934:    	cob_fatal_error (COB_FERROR_STACK);
    %%%%%:  934-block  0
call    0 never executed
    #####:  935:    frame_ptr->perform_through = 1;
    #####:  936:    frame_ptr->return_address_ptr = &&l_50;
    #####:  937:    goto l_1;
    %%%%%:  937-block  0
    #####:  938:    l_50:
    #####:  939:    frame_ptr--;
    %%%%%:  939-block  0
        -:  940:  }
        -:  941:  /* Line: 356       : WRITE              : /app/src/SOLARCOST.cbl */
        1:  942:  module->module_stmt = 0x00100164;
        1:  943:  cob_trace_stmt (st_13);
        1:  943-block  0
call    0 returned 100%
        1:  944:  memcpy (b_11, b_62, 70);
        1:  945:  cob_write (h_REPORT_OUTPUT_FILE, &f_10, 2162689, &f_17, 0);
call    0 returned 100%
        1:  946:  if (unlikely(cob_glob_ptr->cob_exception_code != 0))
branch  0 taken 0% (fallthrough)
branch  1 taken 100%
        -:  947:  {
        -:  948:    /* PERFORM Default Error Handler */
    #####:  949:    frame_ptr++;
    #####:  950:    if (unlikely(frame_ptr == frame_overflow))
    %%%%%:  950-block  0
branch  0 never executed
branch  1 never executed
    #####:  951:    	cob_fatal_error (COB_FERROR_STACK);
    %%%%%:  951-block  0
call    0 never executed
    #####:  952:    frame_ptr->perform_through = 1;
    #####:  953:    frame_ptr->return_address_ptr = &&l_51;
    #####:  954:    goto l_1;
    %%%%%:  954-block  0
    #####:  955:    l_51:
    #####:  956:    frame_ptr--;
    %%%%%:  956-block  0
        -:  957:  }
        -:  958:  /* Line: 359       : MOVE               : /app/src/SOLARCOST.cbl */
        1:  959:  module->module_stmt = 0x00100167;
        1:  960:  cob_trace_stmt (st_6);
        1:  960-block  0
call    0 returned 100%
        1:  961:  memset (b_11, 32, 70);
        -:  962:  /* Line: 360       : MOVE               : /app/src/SOLARCOST.cbl */
        1:  963:  module->module_stmt = 0x00100168;
        1:  964:  cob_trace_stmt (st_6);
call    0 returned 100%
        1:  965:  cob_move (&f_43, &f_52);
call    0 returned 100%
        -:  966:  /* Line: 361       : STRING             : /app/src/SOLARCOST.cbl */
        1:  967:  module->module_stmt = 0x00100169;
        1:  968:  cob_trace_stmt (st_14);
call    0 returned 100%
        1:  969:  cob_string_init (&f_10, NULL);
call    0 returned 100%
        1:  970:  cob_string_delimited (NULL);
call    0 returned 100%
        1:  971:  cob_string_append ((cob_field *)&c_26);
call    0 returned 100%
        1:  972:  cob_string_delimited (NULL);
call    0 returned 100%
        1:  973:  cob_string_append (&f_52);
call    0 returned 100%
        1:  974:  cob_string_delimited (NULL);
call    0 returned 100%
        1:  975:  cob_string_append ((cob_field *)&c_27);
call    0 returned 100%
        1:  976:  cob_string_finish ();
call    0 returned 100%
        -:  977:  /* Line: 365       : WRITE              : /app/src/SOLARCOST.cbl */
        1:  978:  module->module_stmt = 0x0010016D;
        1:  979:  cob_trace_stmt (st_13);
call    0 returned 100%
        1:  980:  cob_write (h_REPORT_OUTPUT_FILE, &f_10, 2162689, &f_17, 0);
call    0 returned 100%
        1:  981:  if (unlikely(cob_glob_ptr->cob_exception_code != 0))
branch  0 taken 0% (fallthrough)
branch  1 taken 100%
        -:  982:  {
        -:  983:    /* PERFORM Default Error Handler */
    #####:  984:    frame_ptr++;
    #####:  985:    if (unlikely(frame_ptr == frame_overflow))
    %%%%%:  985-block  0
branch  0 never executed
branch  1 never executed
    #####:  986:    	cob_fatal_error (COB_FERROR_STACK);
    %%%%%:  986-block  0
call    0 never executed
    #####:  987:    frame_ptr->perform_through = 1;
    #####:  988:    frame_ptr->return_address_ptr = &&l_52;
    #####:  989:    goto l_1;
    %%%%%:  989-block  0
    #####:  990:    l_52:
    #####:  991:    frame_ptr--;
    %%%%%:  991-block  0
        -:  992:  }
        -:  993:  /* Line: 368       : MOVE               : /app/src/SOLARCOST.cbl */
        1:  994:  module->module_stmt = 0x00100170;
        1:  995:  cob_trace_stmt (st_6);
        1:  995-block  0
call    0 returned 100%
        1:  996:  memset (b_11, 32, 70);
        -:  997:  /* Line: 369       : MOVE               : /app/src/SOLARCOST.cbl */
        1:  998:  module->module_stmt = 0x00100171;
        1:  999:  cob_trace_stmt (st_6);
call    0 returned 100%
        1: 1000:  cob_move (&f_44, &f_52);
call    0 returned 100%
        -: 1001:  /* Line: 370       : STRING             : /app/src/SOLARCOST.cbl */
        1: 1002:  module->module_stmt = 0x00100172;
        1: 1003:  cob_trace_stmt (st_14);
call    0 returned 100%
        1: 1004:  cob_string_init (&f_10, NULL);
call    0 returned 100%
        1: 1005:  cob_string_delimited (NULL);
call    0 returned 100%
        1: 1006:  cob_string_append ((cob_field *)&c_28);
call    0 returned 100%
        1: 1007:  cob_string_delimited (NULL);
call    0 returned 100%
        1: 1008:  cob_string_append (&f_52);
call    0 returned 100%
        1: 1009:  cob_string_delimited (NULL);
call    0 returned 100%
        1: 1010:  cob_string_append ((cob_field *)&c_27);
call    0 returned 100%
        1: 1011:  cob_string_finish ();
call    0 returned 100%
        -: 1012:  /* Line: 374       : WRITE              : /app/src/SOLARCOST.cbl */
        1: 1013:  module->module_stmt = 0x00100176;
        1: 1014:  cob_trace_stmt (st_13);
call    0 returned 100%
        1: 1015:  cob_write (h_REPORT_OUTPUT_FILE, &f_10, 2162689, &f_17, 0);
call    0 returned 100%
        1: 1016:  if (unlikely(cob_glob_ptr->cob_exception_code != 0))
branch  0 taken 0% (fallthrough)
branch  1 taken 100%
        -: 1017:  {
        -: 1018:    /* PERFORM Default Error Handler */
    #####: 1019:    frame_ptr++;
    #####: 1020:    if (unlikely(frame_ptr == frame_overflow))
    %%%%%: 1020-block  0
branch  0 never executed
branch  1 never executed
    #####: 1021:    	cob_fatal_error (COB_FERROR_STACK);
    %%%%%: 1021-block  0
call    0 never executed
    #####: 1022:    frame_ptr->perform_through = 1;
    #####: 1023:    frame_ptr->return_address_ptr = &&l_53;
    #####: 1024:    goto l_1;
    %%%%%: 1024-block  0
    #####: 1025:    l_53:
    #####: 1026:    frame_ptr--;
    %%%%%: 1026-block  0
        -: 1027:  }
        -: 1028:  /* Line: 377       : MOVE               : /app/src/SOLARCOST.cbl */
        1: 1029:  module->module_stmt = 0x00100179;
        1: 1030:  cob_trace_stmt (st_6);
        1: 1030-block  0
call    0 returned 100%
        1: 1031:  memset (b_11, 32, 70);
        -: 1032:  /* Line: 378       : MOVE               : /app/src/SOLARCOST.cbl */
        1: 1033:  module->module_stmt = 0x0010017A;
        1: 1034:  cob_trace_stmt (st_6);
call    0 returned 100%
        1: 1035:  cob_move (&f_48, &f_56);
call    0 returned 100%
        -: 1036:  /* Line: 379       : STRING             : /app/src/SOLARCOST.cbl */
        1: 1037:  module->module_stmt = 0x0010017B;
        1: 1038:  cob_trace_stmt (st_14);
call    0 returned 100%
        1: 1039:  cob_string_init (&f_10, NULL);
call    0 returned 100%
        1: 1040:  cob_string_delimited (NULL);
call    0 returned 100%
        1: 1041:  cob_string_append ((cob_field *)&c_29);
call    0 returned 100%
        1: 1042:  cob_string_delimited (NULL);
call    0 returned 100%
        1: 1043:  cob_string_append (&f_56);
call    0 returned 100%
        1: 1044:  cob_string_delimited (NULL);
call    0 returned 100%
        1: 1045:  cob_string_append ((cob_field *)&c_30);
call    0 returned 100%
        1: 1046:  cob_string_finish ();
call    0 returned 100%
        -: 1047:  /* Line: 383       : WRITE              : /app/src/SOLARCOST.cbl */
        1: 1048:  module->module_stmt = 0x0010017F;
        1: 1049:  cob_trace_stmt (st_13);
call    0 returned 100%
        1: 1050:  cob_write (h_REPORT_OUTPUT_FILE, &f_10, 2162689, &f_17, 0);
call    0 returned 100%
        1: 1051:  if (unlikely(cob_glob_ptr->cob_exception_code != 0))
branch  0 taken 0% (fallthrough)
branch  1 taken 100%
        -: 1052:  {
        -: 1053:    /* PERFORM Default Error Handler */
    #####: 1054:    frame_ptr++;
    #####: 1055:    if (unlikely(frame_ptr == frame_overflow))
    %%%%%: 1055-block  0
branch  0 never executed
branch  1 never executed
    #####: 1056:    	cob_fatal_error (COB_FERROR_STACK);
    %%%%%: 1056-block  0
call    0 never executed
    #####: 1057:    frame_ptr->perform_through = 1;
    #####: 1058:    frame_ptr->return_address_ptr = &&l_54;
    #####: 1059:    goto l_1;
    %%%%%: 1059-block  0
    #####: 1060:    l_54:
    #####: 1061:    frame_ptr--;
    %%%%%: 1061-block  0
        -: 1062:  }
        -: 1063:  /* Line: 384       : WRITE              : /app/src/SOLARCOST.cbl */
        1: 1064:  module->module_stmt = 0x00100180;
        1: 1065:  cob_trace_stmt (st_13);
        1: 1065-block  0
call    0 returned 100%
        1: 1066:  memset (b_11, 32, 70);
        1: 1067:  cob_write (h_REPORT_OUTPUT_FILE, &f_10, 2162689, &f_17, 0);
call    0 returned 100%
        1: 1068:  if (unlikely(cob_glob_ptr->cob_exception_code != 0))
branch  0 taken 0% (fallthrough)
branch  1 taken 100%
        -: 1069:  {
        -: 1070:    /* PERFORM Default Error Handler */
    #####: 1071:    frame_ptr++;
    #####: 1072:    if (unlikely(frame_ptr == frame_overflow))
    %%%%%: 1072-block  0
branch  0 never executed
branch  1 never executed
    #####: 1073:    	cob_fatal_error (COB_FERROR_STACK);
    %%%%%: 1073-block  0
call    0 never executed
    #####: 1074:    frame_ptr->perform_through = 1;
    #####: 1075:    frame_ptr->return_address_ptr = &&l_55;
    #####: 1076:    goto l_1;
    %%%%%: 1076-block  0
    #####: 1077:    l_55:
    #####: 1078:    frame_ptr--;
    %%%%%: 1078-block  0
        -: 1079:  }
        -: 1080:  /* Line: 387       : MOVE               : /app/src/SOLARCOST.cbl */
        1: 1081:  module->module_stmt = 0x00100183;
        1: 1082:  cob_trace_stmt (st_6);
        1: 1082-block  0
call    0 returned 100%
        1: 1083:  memset (b_11, 32, 70);
        -: 1084:  /* Line: 388       : MOVE               : /app/src/SOLARCOST.cbl */
        1: 1085:  module->module_stmt = 0x00100184;
        1: 1086:  cob_trace_stmt (st_6);
call    0 returned 100%
        1: 1087:  cob_move (&f_49, &f_53);
call    0 returned 100%
        -: 1088:  /* Line: 389       : STRING             : /app/src/SOLARCOST.cbl */
        1: 1089:  module->module_stmt = 0x00100185;
        1: 1090:  cob_trace_stmt (st_14);
call    0 returned 100%
        1: 1091:  cob_string_init (&f_10, NULL);
call    0 returned 100%
        1: 1092:  cob_string_delimited (NULL);
call    0 returned 100%
        1: 1093:  cob_string_append ((cob_field *)&c_31);
call    0 returned 100%
        1: 1094:  cob_string_delimited (NULL);
call    0 returned 100%
        1: 1095:  cob_string_append (&f_53);
call    0 returned 100%
        1: 1096:  cob_string_delimited (NULL);
call    0 returned 100%
        1: 1097:  cob_string_append ((cob_field *)&c_27);
call    0 returned 100%
        1: 1098:  cob_string_finish ();
call    0 returned 100%
        -: 1099:  /* Line: 393       : WRITE              : /app/src/SOLARCOST.cbl */
        1: 1100:  module->module_stmt = 0x00100189;
        1: 1101:  cob_trace_stmt (st_13);
call    0 returned 100%
        1: 1102:  cob_write (h_REPORT_OUTPUT_FILE, &f_10, 2162689, &f_17, 0);
call    0 returned 100%
        1: 1103:  if (unlikely(cob_glob_ptr->cob_exception_code != 0))
branch  0 taken 0% (fallthrough)
branch  1 taken 100%
        -: 1104:  {
        -: 1105:    /* PERFORM Default Error Handler */
    #####: 1106:    frame_ptr++;
    #####: 1107:    if (unlikely(frame_ptr == frame_overflow))
    %%%%%: 1107-block  0
branch  0 never executed
branch  1 never executed
    #####: 1108:    	cob_fatal_error (COB_FERROR_STACK);
    %%%%%: 1108-block  0
call    0 never executed
    #####: 1109:    frame_ptr->perform_through = 1;
    #####: 1110:    frame_ptr->return_address_ptr = &&l_56;
    #####: 1111:    goto l_1;
    %%%%%: 1111-block  0
    #####: 1112:    l_56:
    #####: 1113:    frame_ptr--;
    %%%%%: 1113-block  0
        -: 1114:  }
        -: 1115:  /* Line: 396       : MOVE               : /app/src/SOLARCOST.cbl */
        1: 1116:  module->module_stmt = 0x0010018C;
        1: 1117:  cob_trace_stmt (st_6);
        1: 1117-block  0
call    0 returned 100%
        1: 1118:  memset (b_11, 32, 70);
        -: 1119:  /* Line: 397       : MOVE               : /app/src/SOLARCOST.cbl */
        1: 1120:  module->module_stmt = 0x0010018D;
        1: 1121:  cob_trace_stmt (st_6);
call    0 returned 100%
        1: 1122:  cob_move (&f_50, &f_53);
call    0 returned 100%
        -: 1123:  /* Line: 398       : STRING             : /app/src/SOLARCOST.cbl */
        1: 1124:  module->module_stmt = 0x0010018E;
        1: 1125:  cob_trace_stmt (st_14);
call    0 returned 100%
        1: 1126:  cob_string_init (&f_10, NULL);
call    0 returned 100%
        1: 1127:  cob_string_delimited (NULL);
call    0 returned 100%
        1: 1128:  cob_string_append ((cob_field *)&c_32);
call    0 returned 100%
        1: 1129:  cob_string_delimited (NULL);
call    0 returned 100%
        1: 1130:  cob_string_append (&f_53);
call    0 returned 100%
        1: 1131:  cob_string_delimited (NULL);
call    0 returned 100%
        1: 1132:  cob_string_append ((cob_field *)&c_27);
call    0 returned 100%
        1: 1133:  cob_string_finish ();
call    0 returned 100%
        -: 1134:  /* Line: 402       : WRITE              : /app/src/SOLARCOST.cbl */
        1: 1135:  module->module_stmt = 0x00100192;
        1: 1136:  cob_trace_stmt (st_13);
call    0 returned 100%
        1: 1137:  cob_write (h_REPORT_OUTPUT_FILE, &f_10, 2162689, &f_17, 0);
call    0 returned 100%
        1: 1138:  if (unlikely(cob_glob_ptr->cob_exception_code != 0))
branch  0 taken 0% (fallthrough)
branch  1 taken 100%
        -: 1139:  {
        -: 1140:    /* PERFORM Default Error Handler */
    #####: 1141:    frame_ptr++;
    #####: 1142:    if (unlikely(frame_ptr == frame_overflow))
    %%%%%: 1142-block  0
branch  0 never executed
branch  1 never executed
    #####: 1143:    	cob_fatal_error (COB_FERROR_STACK);
    %%%%%: 1143-block  0
call    0 never executed
    #####: 1144:    frame_ptr->perform_through = 1;
    #####: 1145:    frame_ptr->return_address_ptr = &&l_57;
    #####: 1146:    goto l_1;
    %%%%%: 1146-block  0
    #####: 1147:    l_57:
    #####: 1148:    frame_ptr--;
    %%%%%: 1148-block  0
        -: 1149:  }
        -: 1150:  /* Line: 403       : WRITE              : /app/src/SOLARCOST.cbl */
        1: 1151:  module->module_stmt = 0x00100193;
        1: 1152:  cob_trace_stmt (st_13);
        1: 1152-block  0
call    0 returned 100%
        1: 1153:  memset (b_11, 32, 70);
        1: 1154:  cob_write (h_REPORT_OUTPUT_FILE, &f_10, 2162689, &f_17, 0);
call    0 returned 100%
        1: 1155:  if (unlikely(cob_glob_ptr->cob_exception_code != 0))
branch  0 taken 0% (fallthrough)
branch  1 taken 100%
        -: 1156:  {
        -: 1157:    /* PERFORM Default Error Handler */
    #####: 1158:    frame_ptr++;
    #####: 1159:    if (unlikely(frame_ptr == frame_overflow))
    %%%%%: 1159-block  0
branch  0 never executed
branch  1 never executed
    #####: 1160:    	cob_fatal_error (COB_FERROR_STACK);
    %%%%%: 1160-block  0
call    0 never executed
    #####: 1161:    frame_ptr->perform_through = 1;
    #####: 1162:    frame_ptr->return_address_ptr = &&l_58;
    #####: 1163:    goto l_1;
    %%%%%: 1163-block  0
    #####: 1164:    l_58:
    #####: 1165:    frame_ptr--;
    %%%%%: 1165-block  0
        -: 1166:  }
        -: 1167:
        -: 1168:  /* Implicit PERFORM return */
        1: 1169:  if (frame_ptr->perform_through == 16)
        1: 1169-block  0
branch  0 taken 100% (fallthrough)
branch  1 taken 0%
        1: 1170:    goto *frame_ptr->return_address_ptr;
        1: 1170-block  0
        -: 1171:
        -: 1172:  /* Line: 408       : Paragraph 430-PRINT-FINANCIAL-ANALYSIS: /app/src/SOLARCOST.cbl */
    #####: 1173:  l_17:;
    %%%%%: 1173-block  0
        -: 1174:  /* Line: 409       : WRITE              : /app/src/SOLARCOST.cbl */
        1: 1175:  module->module_stmt = 0x00100199;
        1: 1176:  cob_trace_stmt (st_13);
        1: 1176-block  0
call    0 returned 100%
        1: 1177:  memcpy (b_11, b_62, 70);
        1: 1178:  cob_write (h_REPORT_OUTPUT_FILE, &f_10, 2162689, &f_17, 0);
call    0 returned 100%
        1: 1179:  if (unlikely(cob_glob_ptr->cob_exception_code != 0))
branch  0 taken 0% (fallthrough)
branch  1 taken 100%
        -: 1180:  {
        -: 1181:    /* PERFORM Default Error Handler */
    #####: 1182:    frame_ptr++;
    #####: 1183:    if (unlikely(frame_ptr == frame_overflow))
    %%%%%: 1183-block  0
branch  0 never executed
branch  1 never executed
    #####: 1184:    	cob_fatal_error (COB_FERROR_STACK);
    %%%%%: 1184-block  0
call    0 never executed
    #####: 1185:    frame_ptr->perform_through = 1;
    #####: 1186:    frame_ptr->return_address_ptr = &&l_59;
    #####: 1187:    goto l_1;
    %%%%%: 1187-block  0
    #####: 1188:    l_59:
    #####: 1189:    frame_ptr--;
    %%%%%: 1189-block  0
        -: 1190:  }
        -: 1191:  /* Line: 410       : MOVE               : /app/src/SOLARCOST.cbl */
        1: 1192:  module->module_stmt = 0x0010019A;
        1: 1193:  cob_trace_stmt (st_6);
        1: 1193-block  0
call    0 returned 100%
        1: 1194:  cob_move ((cob_field *)&c_33, &f_10);
call    0 returned 100%
        -: 1195:  /* Line: 411       : WRITE              : /app/src/SOLARCOST.cbl */
        1: 1196:  module->module_stmt = 0x0010019B;
        1: 1197:  cob_trace_stmt (st_13);
call    0 returned 100%
        1: 1198:  cob_write (h_REPORT_OUTPUT_FILE, &f_10, 2162689, &f_17, 0);
call    0 returned 100%
        1: 1199:  if (unlikely(cob_glob_ptr->cob_exception_code != 0))
branch  0 taken 0% (fallthrough)
branch  1 taken 100%
        -: 1200:  {
        -: 1201:    /* PERFORM Default Error Handler */
    #####: 1202:    frame_ptr++;
    #####: 1203:    if (unlikely(frame_ptr == frame_overflow))
    %%%%%: 1203-block  0
branch  0 never executed
branch  1 never executed
    #####: 1204:    	cob_fatal_error (COB_FERROR_STACK);
    %%%%%: 1204-block  0
call    0 never executed
    #####: 1205:    frame_ptr->perform_through = 1;
    #####: 1206:    frame_ptr->return_address_ptr = &&l_60;
    #####: 1207:    goto l_1;
    %%%%%: 1207-block  0
    #####: 1208:    l_60:
    #####: 1209:    frame_ptr--;
    %%%%%: 1209-block  0
[...]
branch  1 never executed
    #####: 1942:      	cob_fatal_error (COB_FERROR_STACK);
    %%%%%: 1942-block  0
call    0 never executed
    #####: 1943:      frame_ptr->perform_through = 1;
    #####: 1944:      frame_ptr->return_address_ptr = &&l_89;
    #####: 1945:      goto l_1;
    %%%%%: 1945-block  0
    #####: 1946:      l_89:
    #####: 1947:      frame_ptr--;
    %%%%%: 1947-block  0
        -: 1948:    }
        -: 1949:  }
        -: 1950:  else
        -: 1951:  {
        -: 1952:    /* ELSE */
        -: 1953:    /* Line: 558       : MOVE               : /app/src/SOLARCOST.cbl */
    #####: 1954:    module->module_stmt = 0x0010022E;
    #####: 1955:    cob_trace_stmt (st_6);
    %%%%%: 1955-block  0
call    0 never executed
    #####: 1956:    cob_move ((cob_field *)&c_59, &f_10);
call    0 never executed
        -: 1957:    /* Line: 560       : WRITE              : /app/src/SOLARCOST.cbl */
    #####: 1958:    module->module_stmt = 0x00100230;
    #####: 1959:    cob_trace_stmt (st_13);
call    0 never executed
    #####: 1960:    cob_write (h_REPORT_OUTPUT_FILE, &f_10, 2162689, &f_17, 0);
call    0 never executed
    #####: 1961:    if (unlikely(cob_glob_ptr->cob_exception_code != 0))
branch  0 never executed
branch  1 never executed
        -: 1962:    {
        -: 1963:      /* PERFORM Default Error Handler */
    #####: 1964:      frame_ptr++;
    #####: 1965:      if (unlikely(frame_ptr == frame_overflow))
    %%%%%: 1965-block  0
branch  0 never executed
branch  1 never executed
    #####: 1966:      	cob_fatal_error (COB_FERROR_STACK);
    %%%%%: 1966-block  0
call    0 never executed
    #####: 1967:      frame_ptr->perform_through = 1;
    #####: 1968:      frame_ptr->return_address_ptr = &&l_90;
    #####: 1969:      goto l_1;
    %%%%%: 1969-block  0
    #####: 1970:      l_90:
    #####: 1971:      frame_ptr--;
    %%%%%: 1971-block  0
        -: 1972:    }
        -: 1973:    /* Line: 561       : MOVE               : /app/src/SOLARCOST.cbl */
    #####: 1974:    module->module_stmt = 0x00100231;
    #####: 1975:    cob_trace_stmt (st_6);
    %%%%%: 1975-block  0
call    0 never executed
    #####: 1976:    cob_move ((cob_field *)&c_60, &f_10);
call    0 never executed
        -: 1977:    /* Line: 563       : WRITE              : /app/src/SOLARCOST.cbl */
    #####: 1978:    module->module_stmt = 0x00100233;
    #####: 1979:    cob_trace_stmt (st_13);
call    0 never executed
    #####: 1980:    cob_write (h_REPORT_OUTPUT_FILE, &f_10, 2162689, &f_17, 0);
call    0 never executed
    #####: 1981:    if (unlikely(cob_glob_ptr->cob_exception_code != 0))
branch  0 never executed
branch  1 never executed
        -: 1982:    {
        -: 1983:      /* PERFORM Default Error Handler */
    #####: 1984:      frame_ptr++;
    #####: 1985:      if (unlikely(frame_ptr == frame_overflow))
    %%%%%: 1985-block  0
branch  0 never executed
branch  1 never executed
    #####: 1986:      	cob_fatal_error (COB_FERROR_STACK);
    %%%%%: 1986-block  0
call    0 never executed
    #####: 1987:      frame_ptr->perform_through = 1;
    #####: 1988:      frame_ptr->return_address_ptr = &&l_91;
    #####: 1989:      goto l_1;
    %%%%%: 1989-block  0
    #####: 1990:      l_91:
    #####: 1991:      frame_ptr--;
    %%%%%: 1991-block  0
        -: 1992:    }
        -: 1993:    /* Line: 564       : MOVE               : /app/src/SOLARCOST.cbl */
    #####: 1994:    module->module_stmt = 0x00100234;
    #####: 1995:    cob_trace_stmt (st_6);
    %%%%%: 1995-block  0
call    0 never executed
    #####: 1996:    cob_move ((cob_field *)&c_61, &f_10);
call    0 never executed
        -: 1997:    /* Line: 566       : WRITE              : /app/src/SOLARCOST.cbl */
    #####: 1998:    module->module_stmt = 0x00100236;
    #####: 1999:    cob_trace_stmt (st_13);
call    0 never executed
    #####: 2000:    cob_write (h_REPORT_OUTPUT_FILE, &f_10, 2162689, &f_17, 0);
call    0 never executed
    #####: 2001:    if (unlikely(cob_glob_ptr->cob_exception_code != 0))
branch  0 never executed
branch  1 never executed
        -: 2002:    {
        -: 2003:      /* PERFORM Default Error Handler */
    #####: 2004:      frame_ptr++;
    #####: 2005:      if (unlikely(frame_ptr == frame_overflow))
    %%%%%: 2005-block  0
branch  0 never executed
branch  1 never executed
    #####: 2006:      	cob_fatal_error (COB_FERROR_STACK);
    %%%%%: 2006-block  0
call    0 never executed
    #####: 2007:      frame_ptr->perform_through = 1;
    #####: 2008:      frame_ptr->return_address_ptr = &&l_92;
    #####: 2009:      goto l_1;
    %%%%%: 2009-block  0
    #####: 2010:      l_92:
    #####: 2011:      frame_ptr--;
    %%%%%: 2011-block  0
        -: 2012:    }
        -: 2013:  }
        -: 2014:  /* Line: 568       : WRITE              : /app/src/SOLARCOST.cbl */
        1: 2015:  module->module_stmt = 0x00100238;
        1: 2016:  cob_trace_stmt (st_13);
        1: 2016-block  0
call    0 returned 100%
        1: 2017:  memset (b_11, 32, 70);
        1: 2018:  cob_write (h_REPORT_OUTPUT_FILE, &f_10, 2162689, &f_17, 0);
call    0 returned 100%
        1: 2019:  if (unlikely(cob_glob_ptr->cob_exception_code != 0))
branch  0 taken 0% (fallthrough)
branch  1 taken 100%
        -: 2020:  {
        -: 2021:    /* PERFORM Default Error Handler */
    #####: 2022:    frame_ptr++;
    #####: 2023:    if (unlikely(frame_ptr == frame_overflow))
    %%%%%: 2023-block  0
branch  0 never executed
branch  1 never executed
    #####: 2024:    	cob_fatal_error (COB_FERROR_STACK);
    %%%%%: 2024-block  0
call    0 never executed
    #####: 2025:    frame_ptr->perform_through = 1;
    #####: 2026:    frame_ptr->return_address_ptr = &&l_93;
    #####: 2027:    goto l_1;
    %%%%%: 2027-block  0
    #####: 2028:    l_93:
    #####: 2029:    frame_ptr--;
    %%%%%: 2029-block  0
        -: 2030:  }
        -: 2031:
        -: 2032:  /* Implicit PERFORM return */
        1: 2033:  if (frame_ptr->perform_through == 19)
        1: 2033-block  0
branch  0 taken 100% (fallthrough)
branch  1 taken 0%
        1: 2034:    goto *frame_ptr->return_address_ptr;
        1: 2034-block  0
        -: 2035:
        -: 2036:  /* Line: 573       : Paragraph 460-PRINT-FOOTER        : /app/src/SOLARCOST.cbl */
    #####: 2037:  l_20:;
    %%%%%: 2037-block  0
        -: 2038:  /* Line: 574       : WRITE              : /app/src/SOLARCOST.cbl */
        1: 2039:  module->module_stmt = 0x0010023E;
        1: 2040:  cob_trace_stmt (st_13);
        1: 2040-block  0
call    0 returned 100%
        1: 2041:  memcpy (b_11, b_62 + 70, 70);
        1: 2042:  cob_write (h_REPORT_OUTPUT_FILE, &f_10, 2162689, &f_17, 0);
call    0 returned 100%
        1: 2043:  if (unlikely(cob_glob_ptr->cob_exception_code != 0))
branch  0 taken 0% (fallthrough)
branch  1 taken 100%
        -: 2044:  {
        -: 2045:    /* PERFORM Default Error Handler */
    #####: 2046:    frame_ptr++;
    #####: 2047:    if (unlikely(frame_ptr == frame_overflow))
    %%%%%: 2047-block  0
branch  0 never executed
branch  1 never executed
    #####: 2048:    	cob_fatal_error (COB_FERROR_STACK);
    %%%%%: 2048-block  0
call    0 never executed
    #####: 2049:    frame_ptr->perform_through = 1;
    #####: 2050:    frame_ptr->return_address_ptr = &&l_94;
    #####: 2051:    goto l_1;
    %%%%%: 2051-block  0
    #####: 2052:    l_94:
    #####: 2053:    frame_ptr--;
    %%%%%: 2053-block  0
        -: 2054:  }
        -: 2055:
        -: 2056:  /* Implicit PERFORM return */
        1: 2057:  if (frame_ptr->perform_through == 20)
        1: 2057-block  0
branch  0 taken 100% (fallthrough)
branch  1 taken 0%
        1: 2058:    goto *frame_ptr->return_address_ptr;
        1: 2058-block  0
        -: 2059:
        -: 2060:  /* Line: 579       : Paragraph 900-CLEANUP-AND-EXIT    : /app/src/SOLARCOST.cbl */
    #####: 2061:  l_21:;
    %%%%%: 2061-block  0
        -: 2062:  /* Line: 580       : CLOSE              : /app/src/SOLARCOST.cbl */
        1: 2063:  module->module_stmt = 0x00100244;
        1: 2064:  cob_trace_stmt (st_15);
        1: 2064-block  0
call    0 returned 100%
        1: 2065:  cob_close (h_CSV_INPUT_FILE, &f_14, 0, 0);
call    0 returned 100%
        1: 2066:  if (unlikely(cob_glob_ptr->cob_exception_code != 0))
branch  0 taken 0% (fallthrough)
branch  1 taken 100%
        -: 2067:  {
        -: 2068:    /* PERFORM Default Error Handler */
    #####: 2069:    frame_ptr++;
    #####: 2070:    if (unlikely(frame_ptr == frame_overflow))
    %%%%%: 2070-block  0
branch  0 never executed
branch  1 never executed
    #####: 2071:    	cob_fatal_error (COB_FERROR_STACK);
    %%%%%: 2071-block  0
call    0 never executed
    #####: 2072:    frame_ptr->perform_through = 1;
    #####: 2073:    frame_ptr->return_address_ptr = &&l_95;
    #####: 2074:    goto l_1;
    %%%%%: 2074-block  0
    #####: 2075:    l_95:
    #####: 2076:    frame_ptr--;
    %%%%%: 2076-block  0
        -: 2077:  }
        -: 2078:  /* Line: 581       : CLOSE              : /app/src/SOLARCOST.cbl */
        1: 2079:  module->module_stmt = 0x00100245;
        1: 2080:  cob_trace_stmt (st_15);
        1: 2080-block  0
call    0 returned 100%
        1: 2081:  cob_close (h_REPORT_OUTPUT_FILE, &f_17, 0, 0);
call    0 returned 100%
        1: 2082:  if (unlikely(cob_glob_ptr->cob_exception_code != 0))
branch  0 taken 0% (fallthrough)
branch  1 taken 100%
        -: 2083:  {
        -: 2084:    /* PERFORM Default Error Handler */
    #####: 2085:    frame_ptr++;
    #####: 2086:    if (unlikely(frame_ptr == frame_overflow))
    %%%%%: 2086-block  0
branch  0 never executed
branch  1 never executed
    #####: 2087:    	cob_fatal_error (COB_FERROR_STACK);
    %%%%%: 2087-block  0
call    0 never executed
    #####: 2088:    frame_ptr->perform_through = 1;
    #####: 2089:    frame_ptr->return_address_ptr = &&l_96;
    #####: 2090:    goto l_1;
    %%%%%: 2090-block  0
    #####: 2091:    l_96:
    #####: 2092:    frame_ptr--;
    %%%%%: 2092-block  0
        -: 2093:  }
        -: 2094:  /* Line: 582       : DISPLAY            : /app/src/SOLARCOST.cbl */
        1: 2095:  module->module_stmt = 0x00100246;
        1: 2096:  cob_trace_stmt (st_3);
        1: 2096-block  0
call    0 returned 100%
        1: 2097:  cob_display (0, 1, 1, &c_62);
call    0 returned 100%
        -: 2098:
        -: 2099:  /* Implicit PERFORM return */
        1: 2100:  if (frame_ptr->perform_through == 21)
branch  0 taken 100% (fallthrough)
branch  1 taken 0%
        1: 2101:    goto *frame_ptr->return_address_ptr;
        1: 2101-block  0
        -: 2102:
    #####: 2103:  module->module_stmt = 0x00100247;
        -: 2104:
        -: 2105:  /* Program exit */
        -: 2106:
        -: 2107:  /* Decrement module active count */
    #####: 2108:  if (module->module_active) {
    %%%%%: 2108-block  0
branch  0 never executed
branch  1 never executed
    #####: 2109:  	module->module_active--;
    %%%%%: 2109-block  0
        -: 2110:  }
        -: 2111:
        -: 2112:  /* Pop module stack */
    #####: 2113:  cob_module_leave (module);
    %%%%%: 2113-block  0
call    0 never executed
        -: 2114:
        -: 2115:  /* Program return */
    #####: 2116:  return b_2;
        -: 2117:
        -: 2118:
        -: 2119:  /* Line: 0         : Paragraph Default Error Handler   : /app/src/SOLARCOST.cbl */
    #####: 2120:  l_1:;
        -: 2121:
    #####: 2122:  if (!(cob_glob_ptr->cob_error_file->flag_select_features & COB_SELECT_FILE_STATUS)) {
    %%%%%: 2122-block  0
branch  0 never executed
branch  1 never executed
    #####: 2123:  	cob_fatal_error (COB_FERROR_FILE);
    %%%%%: 2123-block  0
call    0 never executed
        -: 2124:      goto l_1;
        -: 2125:  }
        -: 2126:
        -: 2127:  /* Implicit Default Error Handler return */
    #####: 2128:  if (frame_ptr->perform_through == 1)
    %%%%%: 2128-block  0
branch  0 never executed
branch  1 never executed
    #####: 2129:    goto *frame_ptr->return_address_ptr;
    %%%%%: 2129-block  0
        -: 2130:
        -: 2131:  /* Fatal error if reached */
    #####: 2132:  cob_fatal_error (COB_FERROR_CODEGEN);
    %%%%%: 2132-block  0
call    0 never executed
        -: 2133:
    #####: 2134:  P_cgerror:
    %%%%%: 2134-block  0
    #####: 2135:  	cob_fatal_error (COB_FERROR_CODEGEN);
    %%%%%: 2135-block  0
call    0 never executed
        -: 2136:
        -: 2137:
        -: 2138:  /* Program initialization */
        1: 2139:  P_initialize:
        -: 2140:
        1: 2141:  cob_check_version (COB_SOURCE_FILE, COB_PACKAGE_VERSION, COB_PATCH_LEVEL);
        1: 2141-block  0
call    0 returned 100%
        -: 2142:
        1: 2143:  cob_module_path = cob_glob_ptr->cob_main_argv0;
        -: 2144:
        1: 2145:  SOLARCOST_module_init (module);
call    0 returned 100%
        -: 2146:
        1: 2147:  module->crt_status = NULL;
        -: 2148:
        -: 2149:  /* Initialize cancel callback */
        1: 2150:  cob_set_cancel (module);
call    0 returned 100%
        -: 2151:
        -: 2152:  /* Initialize WORKING-STORAGE */
        1: 2153:  cob_set_llint (COB_SET_FLD(f0, 4, (cob_u8_t *)&b_2, &a_21), 1000000000LL, (cob_s64_t)0);
call    0 returned 100%
        1: 2154:  memset (b_12, 32, 100);
        1: 2155:  memset (b_13, 32, 100);
        1: 2156:  memset (b_14, 32, 2);
        1: 2157:  memset (b_17, 32, 2);
        1: 2158:  memset (b_18, 48, 5);
        1: 2159:  *(cob_u8_ptr)(b_19) = 89;
        1: 2160:  memset (b_22, 32, 150);
        1: 2161:  cob_set_packed_zero (&f_38);
call    0 returned 100%
        1: 2162:  cob_set_packed_zero (&f_39);
call    0 returned 100%
        1: 2163:  cob_set_packed_zero (&f_40);
call    0 returned 100%
        1: 2164:  cob_set_packed_zero (&f_41);
call    0 returned 100%
        1: 2165:  cob_move ((cob_field *)&c_63, &f_42);
call    0 returned 100%
        1: 2166:  cob_set_packed_zero (&f_43);
call    0 returned 100%
        1: 2167:  cob_set_packed_zero (&f_44);
call    0 returned 100%
        1: 2168:  cob_set_packed_zero (&f_45);
call    0 returned 100%
        1: 2169:  cob_set_packed_zero (&f_46);
call    0 returned 100%
        1: 2170:  cob_set_packed_zero (&f_47);
call    0 returned 100%
        1: 2171:  cob_set_packed_zero (&f_48);
call    0 returned 100%
        1: 2172:  cob_set_packed_zero (&f_49);
call    0 returned 100%
        1: 2173:  cob_set_packed_zero (&f_50);
call    0 returned 100%
        1: 2174:  cob_set_packed_zero (&f_51);
call    0 returned 100%
        1: 2175:  cob_move (&cob_all_zero, &f_52);
call    0 returned 100%
        1: 2176:  cob_move (&cob_all_zero, &f_53);
call    0 returned 100%
        1: 2177:  cob_move (&cob_all_zero, COB_SET_FLD(f0, 11, b_54, &a_23));
call    0 returned 100%
        1: 2178:  cob_move (&cob_all_zero, &f_55);
call    0 returned 100%
        1: 2179:  cob_move (&cob_all_zero, &f_56);
call    0 returned 100%
        1: 2180:  cob_move (&cob_all_zero, &f_57);
call    0 returned 100%
        1: 2181:  cob_move (&cob_all_zero, &f_58);
call    0 returned 100%
        1: 2182:  cob_set_packed_zero (&f_59);
call    0 returned 100%
        1: 2183:  cob_set_packed_zero (&f_60);
call    0 returned 100%
        1: 2184:  cob_set_packed_zero (&f_61);
call    0 returned 100%
        1: 2185:  memset (b_62, 45, 70);
        1: 2186:  memset (b_62 + 70, 61, 70);
        -: 2187:
        -: 2188:  /* File initialization for CSV-INPUT-FILE */
        1: 2189:  cob_file_create (&h_CSV_INPUT_FILE, NULL, "CSV-INPUT-FILE",
call    0 returned 100%
        -: 2190:                   COB_ORG_LINE_SEQUENTIAL,COB_ACCESS_SEQUENTIAL,0,
        -: 2191:                   COB_FILE_IS_DFLT,COB_SELECT_FILE_STATUS,0,0,200,
        -: 2192:                   &f_12,&f_9);
        1: 2193:  cob_file_complete (h_CSV_INPUT_FILE);
call    0 returned 100%
        -: 2194:
        -: 2195:  /* File initialization for REPORT-OUTPUT-FILE */
        1: 2196:  cob_file_create (&h_REPORT_OUTPUT_FILE, NULL, "REPORT-OUTPUT-FILE",
call    0 returned 100%
        -: 2197:                   COB_ORG_LINE_SEQUENTIAL,COB_ACCESS_SEQUENTIAL,0,
        -: 2198:                   COB_FILE_IS_DFLT,COB_SELECT_FILE_STATUS,0,0,70,
        -: 2199:                   &f_13,&f_11);
        1: 2200:  cob_file_complete (h_REPORT_OUTPUT_FILE);
call    0 returned 100%
        -: 2201:
        -: 2202:  /* Set Decimal Constant values */
        1: 2203:  dc_2 = &kc_2;
        1: 2204:  cob_decimal_init(dc_2);
call    0 returned 100%
        1: 2205:  cob_decimal_set_field (dc_2, (cob_field *)&c_2);
call    0 returned 100%
        -: 2206:
        1: 2207:  dc_1 = &kc_1;
        1: 2208:  cob_decimal_init(dc_1);
call    0 returned 100%
        1: 2209:  cob_decimal_set_field (dc_1, (cob_field *)&c_1);
call    0 returned 100%
        -: 2210:
        -: 2211:  if (0 == 1) goto P_cgerror;
        1: 2212:  initialized = 1;
        1: 2213:  goto P_ret_initialize;
        -: 2214:
    #####: 2215:  P_dump:
    #####: 2216:    return 0;
    %%%%%: 2216-block  0
        -: 2217:
        -: 2218:
        -: 2219:  /* CANCEL callback handling */
    #####: 2220:  P_cancel:
        -: 2221:
    #####: 2222:  if (!initialized)
    %%%%%: 2222-block  0
branch  0 never executed
branch  1 never executed
    #####: 2223:  	return 0;
    %%%%%: 2223-block  0
    #####: 2224:  if (module && module->module_active)
    %%%%%: 2224-block  0
branch  0 never executed
branch  1 never executed
    %%%%%: 2224-block  1
branch  2 never executed
branch  3 never executed
    #####: 2225:  	cob_fatal_error (COB_FERROR_CANCEL);
    %%%%%: 2225-block  0
call    0 never executed
        -: 2226:
    #####: 2227:  initialized = 0;
    %%%%%: 2227-block  0
        -: 2228:
        1: 2229:  P_clear_decimal:
        -: 2230:  /* Clear Decimal Constant values */
        1: 2231:  cob_decimal_clear(dc_2);
        1: 2231-block  0
call    0 returned 100%
        1: 2232:  dc_2 = NULL;
        1: 2233:  cob_decimal_clear(dc_1);
call    0 returned 100%
        1: 2234:  dc_1 = NULL;
        -: 2235:
        1: 2236:  return 0;
        -: 2237:
        -: 2238:}
        -: 2239:
        -: 2240:/* End PROGRAM-ID 'SOLARCOST' */
        -: 2241:
        -: 2242:/* Initialize module structure for SOLARCOST */
function SOLARCOST_module_init called 1 returned 100% blocks executed 100%
        1: 2243:static void SOLARCOST_module_init (cob_module *module)
        -: 2244:{
        1: 2245:  module->module_name = "SOLARCOST";
        1: 2246:  module->module_formatted_date = COB_MODULE_FORMATTED_DATE;
        1: 2247:  module->module_source = COB_SOURCE_FILE;
        1: 2248:  module->module_entry.funcptr = (void *(*)())SOLARCOST;
        1: 2249:  module->module_cancel.funcptr = (void *(*)())SOLARCOST_;
        1: 2250:  module->module_ref_count = NULL;
        1: 2251:  module->module_path = &cob_module_path;
        1: 2252:  module->module_active = 0;
        1: 2253:  module->module_date = COB_MODULE_DATE;
        1: 2254:  module->module_time = COB_MODULE_TIME;
        1: 2255:  module->module_type = 0;
        1: 2256:  module->module_param_cnt = 0;
        1: 2257:  module->ebcdic_sign = 0;
        1: 2258:  module->decimal_point = '.';
        1: 2259:  module->currency_symbol = '$';
        1: 2260:  module->numeric_separator = ',';
        1: 2261:  module->flag_filename_mapping = 1;
        1: 2262:  module->flag_binary_truncate = 1;
        1: 2263:  module->flag_pretty_display = 1;
        1: 2264:  module->flag_host_sign = 0;
        1: 2265:  module->flag_no_phys_canc = 1;
        1: 2266:  module->flag_main = 1;
        1: 2267:  module->flag_fold_call = 0;
        1: 2268:  module->flag_exit_program = 0;
        1: 2269:  module->flag_debug_trace = 0;
        1: 2270:  module->flag_dump_ready = 0;
        1: 2271:  module->module_stmt = 0;
        1: 2272:  module->module_sources = st_source_files;
        1: 2273:}
        -: 2274:
        -: 2275:/* End functions */
        -: 2276:
