        -:    0:Source:SOLARCOST.c.l.h
        -:    0:Graph:./SOLARCOST.gcno
        -:    0:Data:./SOLARCOST.gcda
        -:    0:Runs:1
        -:    1:/* Generated by           cobc 4.0-early-dev.0 */
        -:    2:/* Generated from         /app/src/SOLARCOST.cbl */
        -:    3:/* Generated at           Nov 05 2025 04:21:48 */
        -:    4:/* GnuCOBOL build date    Sep 19 2022 00:25:48 */
        -:    5:/* GnuCOBOL package date  Jun 06 2020 20:56:36 UTC */
        -:    6:/* Compile command        cobc -x -g -fdebugging-line -A -fprofile-arcs -ftest-coverage -Q -lgcov -save-temps -o /app/bin/SOLARCOST /app/src/SOLARCOST.cbl */
        -:    7:
        -:    8:/* Program local variables for 'SOLARCOST' */
        -:    9:
        -:   10:/* Module initialization indicator */
        -:   11:static unsigned int	initialized = 0;
        -:   12:
        -:   13:/* Module structure pointer */
        -:   14:static cob_module	*module = NULL;
        -:   15:
        -:   16:/* Global variable pointer */
        -:   17:cob_global		*cob_glob_ptr;
        -:   18:
        -:   19:/* Decimal structures */
        2:   20:cob_decimal	*d0 = NULL;
        2:   21:cob_decimal	*d1 = NULL;
        2:   22:cob_decimal	*d2 = NULL;
        2:   22-block  0
branch  0 taken 50% (fallthrough)
branch  1 taken 50%
        -:   23:
        -:   24:
        -:   25:/* File CSV-INPUT-FILE */
        -:   26:static cob_file		*h_CSV_INPUT_FILE = NULL;
        -:   27:
        -:   28:/* File REPORT-OUTPUT-FILE */
        -:   29:static cob_file		*h_REPORT_OUTPUT_FILE = NULL;
        -:   30:
        -:   31:/* Local cob_field items */
        -:   32:cob_field		f0;
        -:   33:
        -:   34:
        -:   35:/* Call parameters */
        -:   36:cob_field		*cob_procedure_params[1];
        -:   37:
        -:   38:/* Perform frame stack */
        -:   39:struct cob_frame	*frame_overflow;
        -:   40:struct cob_frame	*frame_ptr;
        -:   41:struct cob_frame	frame_stack[255];
        -:   42:
        -:   43:
        -:   44:/* WORKING-STORAGE Data */
        -:   45:static int	b_2;	/* RETURN-CODE */
        -:   46:static cob_u8_t	b_9[200] __attribute__((aligned));	/* CSV-INPUT-FILE Record */
        -:   47:static cob_u8_t	b_11[70] __attribute__((aligned));	/* REPORT-OUTPUT-FILE Record */
        -:   48:static cob_u8_t	b_12[100] __attribute__((aligned));	/* CSV-FILE */
        -:   49:static cob_u8_t	b_13[100] __attribute__((aligned));	/* REPORT-FILE */
        -:   50:static cob_u8_t	b_14[2] __attribute__((aligned));	/* WS-FILE-STATUS */
        -:   51:static cob_u8_t	b_17[2] __attribute__((aligned));	/* WS-REPORT-STATUS */
        -:   52:static cob_u8_t	b_18[5] __attribute__((aligned));	/* WS-RECORD-COUNT */
        -:   53:static cob_u8_t	b_19[1] __attribute__((aligned));	/* WS-FIRST-RECORD-FLAG */
        -:   54:static cob_u8_t	b_22[150] __attribute__((aligned));	/* WS-CSV-FIELDS */
        -:   55:static cob_u8_t	b_38[5] __attribute__((aligned));	/* WS-YIELD-WH */
        -:   56:static cob_u8_t	b_39[5] __attribute__((aligned));	/* WS-CONSUMPTION-WH */
        -:   57:static cob_u8_t	b_40[6] __attribute__((aligned));	/* WS-TOTAL-YIELD-WH */
        -:   58:static cob_u8_t	b_41[6] __attribute__((aligned));	/* WS-TOTAL-CONSUMPTION-WH */
        -:   59:static cob_u8_t	b_42[3] __attribute__((aligned));	/* WS-RATE-PER-KWH */
        -:   60:static cob_u8_t	b_43[5] __attribute__((aligned));	/* WS-TOTAL-SOLAR-KWH */
        -:   61:static cob_u8_t	b_44[5] __attribute__((aligned));	/* WS-TOTAL-CONSUMPTION-KWH */
        -:   62:static cob_u8_t	b_45[4] __attribute__((aligned));	/* WS-SOLAR-VALUE-USD */
        -:   63:static cob_u8_t	b_46[4] __attribute__((aligned));	/* WS-CONSUMPTION-COST-USD */
        -:   64:static cob_u8_t	b_47[4] __attribute__((aligned));	/* WS-NET-SAVINGS-USD */
        -:   65:static cob_u8_t	b_48[4] __attribute__((aligned));	/* WS-SOLAR-OFFSET-PCT */
        -:   66:static cob_u8_t	b_49[4] __attribute__((aligned));	/* WS-AVG-DAILY-SOLAR-KWH */
        -:   67:static cob_u8_t	b_50[4] __attribute__((aligned));	/* WS-AVG-DAILY-CONSUMP-KWH */
        -:   68:static cob_u8_t	b_51[5] __attribute__((aligned));	/* WS-PROJECTED-ANNUAL-USD */
        -:   69:static cob_u8_t	b_52[7] __attribute__((aligned));	/* WS-EDIT-KWH-1 */
        -:   70:static cob_u8_t	b_53[6] __attribute__((aligned));	/* WS-EDIT-KWH-2 */
        -:   71:static cob_u8_t	b_54[11] __attribute__((aligned));	/* WS-EDIT-USD */
        -:   72:static cob_u8_t	b_55[8] __attribute__((aligned));	/* WS-EDIT-USD-SMALL */
        -:   73:static cob_u8_t	b_56[6] __attribute__((aligned));	/* WS-EDIT-PCT */
        -:   74:static cob_u8_t	b_57[3] __attribute__((aligned));	/* WS-EDIT-DAYS */
        -:   75:static cob_u8_t	b_58[6] __attribute__((aligned));	/* WS-EDIT-YEARS */
        -:   76:static cob_u8_t	b_59[4] __attribute__((aligned));	/* WS-PAYBACK-1000 */
        -:   77:static cob_u8_t	b_60[4] __attribute__((aligned));	/* WS-PAYBACK-2000 */
        -:   78:static cob_u8_t	b_61[4] __attribute__((aligned));	/* WS-PAYBACK-3000 */
        -:   79:static cob_u8_t	b_62[140] __attribute__((aligned));	/* WS-CONSTANTS */
        -:   80:
        -:   81:/* End of WORKING-STORAGE data */
        -:   82:
        -:   83:
        -:   84:/* Local Fields */
        -:   85:static cob_field f_8	= {200, b_9, &a_4};	/* CSV-RECORD */
        -:   86:static cob_field f_9	= {200, b_9, &a_4};	/* CSV-INPUT-FILE Record */
        -:   87:static cob_field f_10	= {70, b_11, &a_4};	/* REPORT-LINE */
        -:   88:static cob_field f_11	= {70, b_11, &a_4};	/* REPORT-OUTPUT-FILE Record */
        -:   89:static cob_field f_12	= {100, b_12, &a_4};	/* CSV-FILE */
        -:   90:static cob_field f_13	= {100, b_13, &a_4};	/* REPORT-FILE */
        -:   91:static cob_field f_14	= {2, b_14, &a_4};	/* WS-FILE-STATUS */
        -:   92:static cob_field f_17	= {2, b_17, &a_4};	/* WS-REPORT-STATUS */
        -:   93:static cob_field f_18	= {5, b_18, &a_5};	/* WS-RECORD-COUNT */
        -:   94:static cob_field f_23	= {10, b_22, &a_4};	/* WS-DAYS-AGO */
        -:   95:static cob_field f_24	= {10, b_22 + 10, &a_4};	/* WS-DATE-STR */
        -:   96:static cob_field f_25	= {10, b_22 + 20, &a_4};	/* WS-YIELD-STR */
        -:   97:static cob_field f_26	= {10, b_22 + 30, &a_4};	/* WS-CONSUMPTION-STR */
        -:   98:static cob_field f_27	= {10, b_22 + 40, &a_4};	/* WS-MAX-PV-POWER */
        -:   99:static cob_field f_28	= {10, b_22 + 50, &a_4};	/* WS-MAX-PV-VOLTAGE */
        -:  100:static cob_field f_29	= {10, b_22 + 60, &a_4};	/* WS-MIN-BATTERY-V */
        -:  101:static cob_field f_30	= {10, b_22 + 70, &a_4};	/* WS-MAX-BATTERY-V */
        -:  102:static cob_field f_31	= {10, b_22 + 80, &a_4};	/* WS-TIME-BULK */
        -:  103:static cob_field f_32	= {10, b_22 + 90, &a_4};	/* WS-TIME-ABSORPTION */
        -:  104:static cob_field f_33	= {10, b_22 + 100, &a_4};	/* WS-TIME-FLOAT */
        -:  105:static cob_field f_34	= {10, b_22 + 110, &a_4};	/* WS-ERROR-1 */
        -:  106:static cob_field f_35	= {10, b_22 + 120, &a_4};	/* WS-ERROR-2 */
        -:  107:static cob_field f_36	= {10, b_22 + 130, &a_4};	/* WS-ERROR-3 */
        -:  108:static cob_field f_37	= {10, b_22 + 140, &a_4};	/* WS-ERROR-4 */
        -:  109:static cob_field f_38	= {5, b_38, &a_6};	/* WS-YIELD-WH */
        -:  110:static cob_field f_39	= {5, b_39, &a_6};	/* WS-CONSUMPTION-WH */
        -:  111:static cob_field f_40	= {6, b_40, &a_7};	/* WS-TOTAL-YIELD-WH */
        -:  112:static cob_field f_41	= {6, b_41, &a_7};	/* WS-TOTAL-CONSUMPTION-WH */
        -:  113:static cob_field f_42	= {3, b_42, &a_9};	/* WS-RATE-PER-KWH */
        -:  114:static cob_field f_43	= {5, b_43, &a_8};	/* WS-TOTAL-SOLAR-KWH */
        -:  115:static cob_field f_44	= {5, b_44, &a_8};	/* WS-TOTAL-CONSUMPTION-KWH */
        -:  116:static cob_field f_45	= {4, b_45, &a_10};	/* WS-SOLAR-VALUE-USD */
        -:  117:static cob_field f_46	= {4, b_46, &a_10};	/* WS-CONSUMPTION-COST-USD */
        -:  118:static cob_field f_47	= {4, b_47, &a_11};	/* WS-NET-SAVINGS-USD */
        -:  119:static cob_field f_48	= {4, b_48, &a_12};	/* WS-SOLAR-OFFSET-PCT */
        -:  120:static cob_field f_49	= {4, b_49, &a_13};	/* WS-AVG-DAILY-SOLAR-KWH */
        -:  121:static cob_field f_50	= {4, b_50, &a_13};	/* WS-AVG-DAILY-CONSUMP-KWH */
        -:  122:static cob_field f_51	= {5, b_51, &a_6};	/* WS-PROJECTED-ANNUAL-USD */
        -:  123:static cob_field f_52	= {7, b_52, &a_16};	/* WS-EDIT-KWH-1 */
        -:  124:static cob_field f_53	= {6, b_53, &a_18};	/* WS-EDIT-KWH-2 */
        -:  125:static cob_field f_55	= {8, b_55, &a_19};	/* WS-EDIT-USD-SMALL */
        -:  126:static cob_field f_56	= {6, b_56, &a_17};	/* WS-EDIT-PCT */
        -:  127:static cob_field f_57	= {3, b_57, &a_15};	/* WS-EDIT-DAYS */
        -:  128:static cob_field f_58	= {6, b_58, &a_17};	/* WS-EDIT-YEARS */
        -:  129:static cob_field f_59	= {4, b_59, &a_12};	/* WS-PAYBACK-1000 */
        -:  130:static cob_field f_60	= {4, b_60, &a_12};	/* WS-PAYBACK-2000 */
        -:  131:static cob_field f_61	= {4, b_61, &a_12};	/* WS-PAYBACK-3000 */
        -:  132:
        -:  133:/* End of fields */
        -:  134:
