        -:    0:Source:SOLARCOST.c.h
        -:    0:Graph:./SOLARCOST.gcno
        -:    0:Data:./SOLARCOST.gcda
        -:    0:Runs:1
        -:    1:/* Generated by           cobc 4.0-early-dev.0 */
        -:    2:/* Generated from         /app/src/SOLARCOST.cbl */
        -:    3:/* Generated at           Nov 05 2025 04:12:58 */
        -:    4:/* GnuCOBOL build date    Sep 19 2022 00:25:48 */
        -:    5:/* GnuCOBOL package date  Jun 06 2020 20:56:36 UTC */
        -:    6:/* Compile command        cobc -x -g -fdebugging-line -A -fprofile-arcs -ftest-coverage -Q -lgcov -save-temps -o /app/bin/SOLARCOST /app/src/SOLARCOST.cbl */
        -:    7:
        -:    8:
        -:    9:/* Module path */
        -:   10:static const char		*cob_module_path = NULL;
        -:   11:
        -:   12:/* Picture strings */
        -:   13:
        -:   14:static const cob_pic_symbol p_1[] = {
        -:   15:	{'Z', 2},
        -:   16:	{'9', 1},
        -:   17:	{'\0', 1}
        -:   18:};
        -:   19:static const cob_pic_symbol p_2[] = {
        -:   20:	{'Z', 3},
        -:   21:	{'9', 1},
        -:   22:	{'.', 1},
        -:   23:	{'9', 2},
        -:   24:	{'\0', 1}
        -:   25:};
        -:   26:static const cob_pic_symbol p_3[] = {
        -:   27:	{'Z', 3},
        -:   28:	{'9', 1},
        -:   29:	{'.', 1},
        -:   30:	{'9', 1},
        -:   31:	{'\0', 1}
        -:   32:};
        -:   33:static const cob_pic_symbol p_4[] = {
        -:   34:	{'Z', 1},
        -:   35:	{'9', 1},
        -:   36:	{'.', 1},
        -:   37:	{'9', 3},
        -:   38:	{'\0', 1}
        -:   39:};
        -:   40:static const cob_pic_symbol p_5[] = {
        -:   41:	{'$', 1},
        -:   42:	{'Z', 3},
        -:   43:	{'9', 1},
        -:   44:	{'.', 1},
        -:   45:	{'9', 2},
        -:   46:	{'\0', 1}
        -:   47:};
        -:   48:static const cob_pic_symbol p_6[] = {
        -:   49:	{'$', 4},
        -:   50:	{',', 1},
        -:   51:	{'$', 2},
        -:   52:	{'9', 1},
        -:   53:	{'.', 1},
        -:   54:	{'9', 2},
        -:   55:	{'\0', 1}
        -:   56:};
        -:   57:
        -:   58:
        -:   59:/* Attributes */
        -:   60:
        -:   61:static const cob_field_attr a_1 =	{0x10,   4,   0, 0x1000, NULL};
        -:   62:static const cob_field_attr a_2 =	{0x10,   3,   0, 0x1000, NULL};
        -:   63:static const cob_field_attr a_3 =	{0x21,   0,   0, 0x1000, NULL};
        -:   64:static const cob_field_attr a_4 =	{0x21,   0,   0, 0x0000, NULL};
        -:   65:static const cob_field_attr a_5 =	{0x10,   5,   0, 0x0000, NULL};
        -:   66:static const cob_field_attr a_6 =	{0x12,   8,   2, 0x0000, NULL};
        -:   67:static const cob_field_attr a_7 =	{0x12,  10,   2, 0x0000, NULL};
        -:   68:static const cob_field_attr a_8 =	{0x12,   9,   3, 0x0000, NULL};
        -:   69:static const cob_field_attr a_9 =	{0x12,   4,   3, 0x0000, NULL};
        -:   70:static const cob_field_attr a_10 =	{0x12,   7,   2, 0x0000, NULL};
        -:   71:static const cob_field_attr a_11 =	{0x12,   7,   2, 0x0001, NULL};
        -:   72:static const cob_field_attr a_12 =	{0x12,   6,   1, 0x0000, NULL};
        -:   73:static const cob_field_attr a_13 =	{0x12,   7,   3, 0x0000, NULL};
        -:   74:static const cob_field_attr a_14 =	{0x10,   5,   1, 0x1000, NULL};
        -:   75:static const cob_field_attr a_15 =	{0x24,   3,   0, 0x0000, p_1};
        -:   76:static const cob_field_attr a_16 =	{0x24,   6,   2, 0x0000, p_2};
        -:   77:static const cob_field_attr a_17 =	{0x24,   5,   1, 0x0000, p_3};
        -:   78:static const cob_field_attr a_18 =	{0x24,   5,   3, 0x0000, p_4};
        -:   79:static const cob_field_attr a_19 =	{0x24,   6,   2, 0x0000, p_5};
        -:   80:static const cob_field_attr a_20 =	{0x10,   2,   1, 0x1000, NULL};
        -:   81:static const cob_field_attr a_21 =	{0x11,   9,   0, 0x0001, NULL};
        -:   82:static const cob_field_attr a_22 =	{0x10,   4,   3, 0x1000, NULL};
        -:   83:static const cob_field_attr a_23 =	{0x24,   8,   2, 0x0000, p_6};
        -:   84:
        -:   85:static const cob_field_attr cob_all_attr = {0x22, 0, 0, 0, NULL};
        -:   86:
        -:   87:
        -:   88:/* Constants */
        -:   89:static const cob_field c_1	= {4, (cob_u8_ptr)"1000", &a_1};
        -:   90:static const cob_field c_2	= {3, (cob_u8_ptr)"100", &a_2};
        -:   91:static const cob_field c_3	= {43, (cob_u8_ptr)"Initializing Solar Cost Analysis Program...", &a_3};
        -:   92:static const cob_field c_4	= {9, (cob_u8_ptr)"CSV_INPUT", &a_3};
        -:   93:static const cob_field c_5	= {24, (cob_u8_ptr)"../data/SolarHistory.csv", &a_3};
        -:   94:static const cob_field c_6	= {13, (cob_u8_ptr)"REPORT_OUTPUT", &a_3};
        -:   95:static const cob_field c_7	= {30, (cob_u8_ptr)"./output/solar_cost_report.txt", &a_3};
        -:   96:static const cob_field c_8	= {31, (cob_u8_ptr)"ERROR: Cannot open input file: ", &a_3};
        -:   97:static const cob_field c_9	= {13, (cob_u8_ptr)"File Status: ", &a_3};
        -:   98:static const cob_field c_10	= {32, (cob_u8_ptr)"ERROR: Cannot open output file: ", &a_3};
        -:   99:static const cob_field c_11	= {12, (cob_u8_ptr)"Input file: ", &a_3};
        -:  100:static const cob_field c_12	= {13, (cob_u8_ptr)"Output file: ", &a_3};
        -:  101:static const cob_field c_13	= {25, (cob_u8_ptr)"Processing CSV records...", &a_3};
        -:  102:static const cob_field c_14	= {19, (cob_u8_ptr)"Skipping header row", &a_3};
        -:  103:static const cob_field c_15	= {10, (cob_u8_ptr)"Processed ", &a_3};
        -:  104:static const cob_field c_16	= {13, (cob_u8_ptr)" data records", &a_3};
        -:  105:static const cob_field c_17	= {1, (cob_u8_ptr)",", &a_3};
        -:  106:static const cob_field c_18	= {20, (cob_u8_ptr)"Calculating costs...", &a_3};
        -:  107:static const cob_field c_19	= {5, (cob_u8_ptr)"99999", &a_14};
        -:  108:static const cob_field c_20	= {20, (cob_u8_ptr)"Generating report...", &a_3};
        -:  109:static const cob_field c_21	= {33, (cob_u8_ptr)"SOLAR ENERGY COST ANALYSIS REPORT", &a_3};
        -:  110:static const cob_field c_22	= {17, (cob_u8_ptr)"Analysis Period: ", &a_3};
        -:  111:static const cob_field c_23	= {5, (cob_u8_ptr)" days", &a_3};
        -:  112:static const cob_field c_24	= {32, (cob_u8_ptr)"Electricity Rate: $0.140 per kWh", &a_3};
        -:  113:static const cob_field c_25	= {14, (cob_u8_ptr)"ENERGY SUMMARY", &a_3};
        -:  114:static const cob_field c_26	= {27, (cob_u8_ptr)"Solar Energy Collected:    ", &a_3};
        -:  115:static const cob_field c_27	= {4, (cob_u8_ptr)" kWh", &a_3};
        -:  116:static const cob_field c_28	= {27, (cob_u8_ptr)"Energy Consumed:           ", &a_3};
        -:  117:static const cob_field c_29	= {27, (cob_u8_ptr)"Solar Offset:              ", &a_3};
        -:  118:static const cob_field c_30	= {1, (cob_u8_ptr)"%", &a_3};
        -:  119:static const cob_field c_31	= {27, (cob_u8_ptr)"Daily Average Solar:       ", &a_3};
        -:  120:static const cob_field c_32	= {27, (cob_u8_ptr)"Daily Average Consumption: ", &a_3};
        -:  121:static const cob_field c_33	= {18, (cob_u8_ptr)"FINANCIAL ANALYSIS", &a_3};
        -:  122:static const cob_field c_34	= {27, (cob_u8_ptr)"Value of Solar Generated:  ", &a_3};
        -:  123:static const cob_field c_35	= {27, (cob_u8_ptr)"Cost of Energy Consumed:   ", &a_3};
        -:  124:static const cob_field c_36	= {27, (cob_u8_ptr)"NET SAVINGS:               ", &a_3};
        -:  125:static const cob_field c_37	= {11, (cob_u8_ptr)"PROJECTIONS", &a_3};
        -:  126:static const cob_field c_38	= {27, (cob_u8_ptr)"Projected Annual Savings:  ", &a_3};
        -:  127:static const cob_field c_39	= {19, (cob_u8_ptr)"INVESTMENT GUIDANCE", &a_3};
        -:  128:static const cob_field c_40	= {14, (cob_u8_ptr)"Based on your ", &a_3};
        -:  129:static const cob_field c_41	= {14, (cob_u8_ptr)"-day analysis:", &a_3};
        -:  130:static const cob_field c_42	= {30, (cob_u8_ptr)"* Your solar system generates ", &a_3};
        -:  131:static const cob_field c_43	= {16, (cob_u8_ptr)" worth of energy", &a_3};
        -:  132:static const cob_field c_44	= {50, (cob_u8_ptr)"* You are NET POSITIVE - solar exceeds consumption", &a_3};
        -:  133:static const cob_field c_45	= {42, (cob_u8_ptr)"* You are consuming more than you generate", &a_3};
        -:  134:static const cob_field c_46	= {16, (cob_u8_ptr)"* Solar offsets ", &a_3};
        -:  135:static const cob_field c_47	= {22, (cob_u8_ptr)"% of your energy needs", &a_3};
        -:  136:static const cob_field c_48	= {22, (cob_u8_ptr)"Annual Value Analysis:", &a_3};
        -:  137:static const cob_field c_49	= {33, (cob_u8_ptr)"* Annual solar generation value: ", &a_3};
        -:  138:static const cob_field c_50	= {44, (cob_u8_ptr)"* Break-even timeline depends on system cost", &a_3};
        -:  139:static const cob_field c_51	= {20, (cob_u8_ptr)"  - $1,000 system = ", &a_3};
        -:  140:static const cob_field c_52	= {14, (cob_u8_ptr)" years payback", &a_3};
        -:  141:static const cob_field c_53	= {20, (cob_u8_ptr)"  - $2,000 system = ", &a_3};
        -:  142:static const cob_field c_54	= {20, (cob_u8_ptr)"  - $3,000 system = ", &a_3};
        -:  143:static const cob_field c_55	= {2, (cob_u8_ptr)"05", &a_20};
        -:  144:static const cob_field c_56	= {49, (cob_u8_ptr)"Recommendation: Your current solar output is LOW.", &a_3};
        -:  145:static const cob_field c_57	= {38, (cob_u8_ptr)"Consider expanding your solar array to", &a_3};
        -:  146:static const cob_field c_58	= {40, (cob_u8_ptr)"maximize ROI and reduce grid dependence.", &a_3};
        -:  147:static const cob_field c_59	= {41, (cob_u8_ptr)"Recommendation: Strong solar performance.", &a_3};
        -:  148:static const cob_field c_60	= {37, (cob_u8_ptr)"Current capacity appears adequate for", &a_3};
        -:  149:static const cob_field c_61	= {44, (cob_u8_ptr)"maximizing ROI and reducing grid dependence.", &a_3};
        -:  150:static const cob_field c_62	= {30, (cob_u8_ptr)"Program completed successfully", &a_3};
        -:  151:static const cob_field c_63	= {4, (cob_u8_ptr)"0140", &a_22};
        -:  152:
        -:  153:static cob_field cob_all_space	= {1, (cob_u8_ptr)" ", &cob_all_attr};
        -:  154:static cob_field cob_all_zero	= {1, (cob_u8_ptr)"0", &cob_all_attr};
        -:  155:
        -:  156:
        -:  157:/* Strings */
        -:  158:static const char st_1[]	= "PERFORM";
        -:  159:static const char st_2[]	= "STOP RUN";
        -:  160:static const char st_3[]	= "DISPLAY";
        -:  161:static const char st_4[]	= "ACCEPT";
        -:  162:static const char st_5[]	= "IF";
        -:  163:static const char st_6[]	= "MOVE";
        -:  164:static const char st_7[]	= "OPEN";
        -:  165:static const char st_8[]	= "ADD";
        -:  166:static const char st_9[]	= "READ";
        -:  167:static const char st_10[]	= "SET";
        -:  168:static const char st_11[]	= "UNSTRING";
        -:  169:static const char st_12[]	= "COMPUTE";
        -:  170:static const char st_13[]	= "WRITE";
        -:  171:static const char st_14[]	= "STRING";
        -:  172:static const char st_15[]	= "CLOSE";
        -:  173:
        -:  174:
        -:  175:/* Source file names */
        -:  176:static const char *st_source_files[]	= { "" 
        -:  177:		,"/app/src/SOLARCOST.cbl"};
        -:  178:
        -:  179:static int COB_INLINE COB_A_INLINE
        -:  180:cob_get_numdisp (const void *data, const int size)
        -:  181:{
        -:  182:	register const unsigned char	*p;
        -:  183:	register int	n;
       32:  184:	register int 	retval = 0;
       32:  185:	p = (const unsigned char *)data;
      139:  186:	for (n = 0; n < size; ++n, ++p) {
      104:  186-block  0
      135:  186-block  1
branch  0 taken 99%
branch  1 taken 1% (fallthrough)
        3:  186-block  2
        4:  186-block  3
branch  2 taken 100%
branch  3 taken 0% (fallthrough)
      138:  187:		if (*p > '0' && *p <= '9')
      134:  187-block  0
branch  0 taken 22% (fallthrough)
branch  1 taken 78%
       30:  187-block  1
branch  2 taken 100% (fallthrough)
branch  3 taken 0%
        4:  187-block  2
branch  4 taken 25% (fallthrough)
branch  5 taken 75%
        1:  187-block  3
branch  6 taken 100% (fallthrough)
branch  7 taken 0%
       31:  188:	       break;
       30:  188-block  0
        1:  188-block  1
        -:  189:	}
       85:  190:	for (; n < size; ++n, ++p) {
       31:  190-block  0
       82:  190-block  1
branch  0 taken 62%
branch  1 taken 38% (fallthrough)
        1:  190-block  2
        3:  190-block  3
branch  2 taken 67%
branch  3 taken 33% (fallthrough)
       53:  191:   	retval = (retval * 10)
       51:  191-block  0
        2:  191-block  1
      53*:  192:   	       + ((*p > '0' && *p <= '9') ? (*p - '0') : 0);
       51:  192-block  0
branch  0 taken 94% (fallthrough)
branch  1 taken 6%
       48:  192-block  1
branch  2 taken 100% (fallthrough)
branch  3 taken 0%
       48:  192-block  2
        3:  192-block  3
        2:  192-block  4
branch  4 taken 100% (fallthrough)
branch  5 taken 0%
        2:  192-block  5
branch  6 taken 100% (fallthrough)
branch  7 taken 0%
        2:  192-block  6
    %%%%%:  192-block  7
        -:  193:	}
       32:  194:	return retval;
       31:  194-block  0
        1:  194-block  1
        -:  195:}
        -:  196:
        -:  197:
        -:  198:/* Decimal constants */
        -:  199:static	cob_decimal	kc_1;
        -:  200:static	cob_decimal	*dc_1 = NULL;
        -:  201:static	cob_decimal	kc_2;
        -:  202:static	cob_decimal	*dc_2 = NULL;
        -:  203:
