TN:
SF:/app/bin/SOLARCOST.c
FN:32,main
FNDA:1,main
FN:45,SOLARCOST
FNDA:1,SOLARCOST
FN:51,SOLARCOST_
FNDA:111,SOLARCOST_
FN:2243,SOLARCOST_module_init
FNDA:1,SOLARCOST_module_init
DA:32,1
DA:34,1
DA:35,1
DA:45,1
DA:47,1
DA:51,2
DA:63,2
DA:64,1
DA:65,0
DA:66,1
DA:67,1
DA:68,0
DA:74,1
DA:75,0
DA:78,1
DA:81,1
DA:82,1
DA:83,1
DA:84,1
DA:88,1
DA:89,1
DA:91,0
DA:94,1
DA:97,1
DA:100,1
DA:102,1
DA:108,1
DA:112,1
DA:113,1
DA:115,1
DA:116,1
DA:117,0
DA:118,1
DA:119,1
DA:120,1
DA:121,1
DA:122,1
DA:124,1
DA:125,1
DA:127,1
DA:128,1
DA:129,0
DA:130,1
DA:131,1
DA:132,1
DA:133,1
DA:134,1
DA:136,1
DA:137,1
DA:139,1
DA:140,1
DA:141,0
DA:142,1
DA:143,1
DA:144,1
DA:145,1
DA:146,1
DA:148,1
DA:149,1
DA:151,1
DA:152,1
DA:153,0
DA:154,1
DA:155,1
DA:156,1
DA:157,1
DA:158,1
DA:160,1
DA:161,1
DA:163,1
DA:164,1
DA:165,0
DA:166,1
DA:167,1
DA:168,1
DA:169,1
DA:170,1
DA:172,1
DA:173,1
DA:174,1
DA:177,1
DA:179,1
DA:180,1
DA:181,1
DA:183,1
DA:184,1
DA:185,1
DA:187,1
DA:188,1
DA:189,1
DA:192,0
DA:193,0
DA:194,0
DA:197,1
DA:198,1
DA:199,1
DA:201,1
DA:202,1
DA:203,1
DA:206,0
DA:207,0
DA:208,0
DA:211,1
DA:212,1
DA:213,1
DA:214,1
DA:217,0
DA:218,0
DA:219,0
DA:220,0
DA:221,0
DA:222,0
DA:223,0
DA:224,0
DA:227,1
DA:228,1
DA:229,1
DA:232,0
DA:233,0
DA:234,0
DA:236,0
DA:237,0
DA:238,0
DA:240,0
DA:241,0
DA:242,0
DA:245,1
DA:246,1
DA:247,1
DA:248,1
DA:251,0
DA:252,0
DA:253,0
DA:254,0
DA:255,0
DA:256,0
DA:257,0
DA:258,0
DA:261,1
DA:262,1
DA:263,1
DA:266,0
DA:267,0
DA:268,0
DA:270,0
DA:271,0
DA:272,0
DA:274,0
DA:275,0
DA:276,0
DA:279,1
DA:280,1
DA:281,1
DA:283,1
DA:284,1
DA:285,1
DA:288,1
DA:289,1
DA:292,0
DA:294,1
DA:295,1
DA:296,1
DA:298,1
DA:299,1
DA:302,34
DA:303,1
DA:305,33
DA:306,33
DA:308,33
DA:309,33
DA:310,0
DA:311,33
DA:312,33
DA:313,33
DA:314,33
DA:315,33
DA:317,33
DA:318,33
DA:319,33
DA:322,32
DA:323,32
DA:324,32
DA:327,1
DA:328,1
DA:329,1
DA:331,1
DA:332,1
DA:333,1
DA:339,31
DA:340,31
DA:342,31
DA:343,31
DA:344,0
DA:345,31
DA:346,31
DA:347,31
DA:348,31
DA:349,31
DA:351,31
DA:352,31
DA:354,31
DA:355,31
DA:356,0
DA:357,31
DA:358,31
DA:359,31
DA:360,31
DA:361,31
DA:363,31
DA:364,31
DA:365,31
DA:370,1
DA:371,1
DA:372,1
DA:375,1
DA:376,1
DA:379,0
DA:381,33
DA:382,33
DA:383,33
DA:384,33
DA:386,1
DA:389,1
DA:390,1
DA:391,1
DA:396,0
DA:397,0
DA:398,0
DA:399,0
DA:400,0
DA:401,0
DA:402,0
DA:403,0
DA:408,33
DA:409,33
DA:412,0
DA:414,31
DA:415,31
DA:416,31
DA:417,31
DA:418,31
DA:419,31
DA:420,31
DA:421,31
DA:422,31
DA:423,31
DA:424,31
DA:425,31
DA:426,31
DA:427,31
DA:428,31
DA:429,31
DA:430,31
DA:431,31
DA:432,31
DA:433,31
DA:436,31
DA:437,31
DA:440,0
DA:442,31
DA:443,31
DA:444,31
DA:447,31
DA:448,31
DA:449,31
DA:451,31
DA:452,31
DA:453,31
DA:456,31
DA:457,31
DA:458,31
DA:461,31
DA:462,31
DA:463,31
DA:465,31
DA:466,31
DA:467,31
DA:471,31
DA:472,31
DA:475,0
DA:477,1
DA:478,1
DA:479,1
DA:481,1
DA:482,1
DA:484,1
DA:485,1
DA:486,0
DA:487,1
DA:488,1
DA:489,1
DA:490,1
DA:491,1
DA:493,1
DA:494,1
DA:496,1
DA:497,1
DA:498,0
DA:499,1
DA:500,1
DA:501,1
DA:502,1
DA:503,1
DA:505,1
DA:506,1
DA:508,1
DA:509,1
DA:510,0
DA:511,1
DA:512,1
DA:513,1
DA:514,1
DA:515,1
DA:518,1
DA:519,1
DA:522,0
DA:524,1
DA:525,1
DA:526,1
DA:527,1
DA:528,1
DA:530,1
DA:531,1
DA:532,1
DA:533,1
DA:534,1
DA:537,1
DA:538,1
DA:541,0
DA:543,1
DA:544,1
DA:545,1
DA:546,1
DA:547,1
DA:548,1
DA:550,1
DA:551,1
DA:552,1
DA:553,1
DA:554,1
DA:555,1
DA:557,1
DA:558,1
DA:559,1
DA:560,1
DA:561,1
DA:562,1
DA:564,1
DA:565,1
DA:566,1
DA:569,0
DA:570,0
DA:571,0
DA:572,0
DA:573,0
DA:574,0
DA:575,0
DA:581,1
DA:582,1
DA:583,1
DA:587,1
DA:588,1
DA:591,0
DA:593,1
DA:594,1
DA:595,1
DA:598,1
DA:599,1
DA:600,1
DA:601,1
DA:602,1
DA:603,1
DA:605,1
DA:606,1
DA:607,1
DA:608,1
DA:609,1
DA:610,1
DA:612,1
DA:613,1
DA:614,1
DA:615,1
DA:616,1
DA:617,1
DA:618,1
DA:619,1
DA:621,1
DA:622,1
DA:623,1
DA:626,1
DA:627,1
DA:628,1
DA:629,1
DA:630,1
DA:631,1
DA:633,1
DA:634,1
DA:635,1
DA:636,1
DA:637,1
DA:638,1
DA:640,1
DA:641,1
DA:642,1
DA:643,1
DA:644,1
DA:645,1
DA:651,0
DA:652,0
DA:653,0
DA:655,0
DA:656,0
DA:657,0
DA:659,0
DA:660,0
DA:661,0
DA:666,1
DA:667,1
DA:670,0
DA:672,1
DA:673,1
DA:674,1
DA:676,1
DA:677,1
DA:679,1
DA:680,1
DA:681,0
DA:682,1
DA:683,1
DA:684,1
DA:685,1
DA:686,1
DA:688,1
DA:689,1
DA:691,1
DA:692,1
DA:693,0
DA:694,1
DA:695,1
DA:696,1
DA:697,1
DA:698,1
DA:700,1
DA:701,1
DA:703,1
DA:704,1
DA:705,0
DA:706,1
DA:707,1
DA:708,1
DA:709,1
DA:710,1
DA:712,1
DA:713,1
DA:715,1
DA:716,1
DA:717,0
DA:718,1
DA:719,1
DA:720,1
DA:721,1
DA:722,1
DA:724,1
DA:725,1
DA:727,1
DA:728,1
DA:729,0
DA:730,1
DA:731,1
DA:732,1
DA:733,1
DA:734,1
DA:736,1
DA:737,1
DA:739,1
DA:740,1
DA:741,0
DA:742,1
DA:743,1
DA:744,1
DA:745,1
DA:746,1
DA:749,1
DA:750,1
DA:753,0
DA:755,1
DA:756,1
DA:757,1
DA:758,1
DA:759,1
DA:762,0
DA:763,0
DA:764,0
DA:765,0
DA:766,0
DA:767,0
DA:768,0
DA:769,0
DA:772,1
DA:773,1
DA:774,1
DA:776,1
DA:777,1
DA:778,1
DA:779,1
DA:782,0
DA:783,0
DA:784,0
DA:785,0
DA:786,0
DA:787,0
DA:788,0
DA:789,0
DA:792,1
DA:793,1
DA:794,1
DA:795,1
DA:796,1
DA:799,0
DA:800,0
DA:801,0
DA:802,0
DA:803,0
DA:804,0
DA:805,0
DA:806,0
DA:809,1
DA:810,1
DA:811,1
DA:812,1
DA:813,1
DA:816,0
DA:817,0
DA:818,0
DA:819,0
DA:820,0
DA:821,0
DA:822,0
DA:823,0
DA:826,1
DA:827,1
DA:828,1
DA:830,1
DA:831,1
DA:832,1
DA:834,1
DA:835,1
DA:836,1
DA:837,1
DA:838,1
DA:839,1
DA:840,1
DA:841,1
DA:842,1
DA:843,1
DA:845,1
DA:846,1
DA:847,1
DA:848,1
DA:851,0
DA:852,0
DA:853,0
DA:854,0
DA:855,0
DA:856,0
DA:857,0
DA:858,0
DA:861,1
DA:862,1
DA:863,1
DA:865,1
DA:866,1
DA:867,1
DA:868,1
DA:871,0
DA:872,0
DA:873,0
DA:874,0
DA:875,0
DA:876,0
DA:877,0
DA:878,0
DA:881,1
DA:882,1
DA:883,1
DA:884,1
DA:885,1
DA:888,0
DA:889,0
DA:890,0
DA:891,0
DA:892,0
DA:893,0
DA:894,0
DA:895,0
DA:899,1
DA:900,1
DA:903,0
DA:905,1
DA:906,1
DA:907,1
DA:908,1
DA:909,1
DA:912,0
DA:913,0
DA:914,0
DA:915,0
DA:916,0
DA:917,0
DA:918,0
DA:919,0
DA:922,1
DA:923,1
DA:924,1
DA:926,1
DA:927,1
DA:928,1
DA:929,1
DA:932,0
DA:933,0
DA:934,0
DA:935,0
DA:936,0
DA:937,0
DA:938,0
DA:939,0
DA:942,1
DA:943,1
DA:944,1
DA:945,1
DA:946,1
DA:949,0
DA:950,0
DA:951,0
DA:952,0
DA:953,0
DA:954,0
DA:955,0
DA:956,0
DA:959,1
DA:960,1
DA:961,1
DA:963,1
DA:964,1
DA:965,1
DA:967,1
DA:968,1
DA:969,1
DA:970,1
DA:971,1
DA:972,1
DA:973,1
DA:974,1
DA:975,1
DA:976,1
DA:978,1
DA:979,1
DA:980,1
DA:981,1
DA:984,0
DA:985,0
DA:986,0
DA:987,0
DA:988,0
DA:989,0
DA:990,0
DA:991,0
DA:994,1
DA:995,1
DA:996,1
DA:998,1
DA:999,1
DA:1000,1
DA:1002,1
DA:1003,1
DA:1004,1
DA:1005,1
DA:1006,1
DA:1007,1
DA:1008,1
DA:1009,1
DA:1010,1
DA:1011,1
DA:1013,1
DA:1014,1
DA:1015,1
DA:1016,1
DA:1019,0
DA:1020,0
DA:1021,0
DA:1022,0
DA:1023,0
DA:1024,0
DA:1025,0
DA:1026,0
DA:1029,1
DA:1030,1
DA:1031,1
DA:1033,1
DA:1034,1
DA:1035,1
DA:1037,1
DA:1038,1
DA:1039,1
DA:1040,1
DA:1041,1
DA:1042,1
DA:1043,1
DA:1044,1
DA:1045,1
DA:1046,1
DA:1048,1
DA:1049,1
DA:1050,1
DA:1051,1
DA:1054,0
DA:1055,0
DA:1056,0
DA:1057,0
DA:1058,0
DA:1059,0
DA:1060,0
DA:1061,0
DA:1064,1
DA:1065,1
DA:1066,1
DA:1067,1
DA:1068,1
DA:1071,0
DA:1072,0
DA:1073,0
DA:1074,0
DA:1075,0
DA:1076,0
DA:1077,0
DA:1078,0
DA:1081,1
DA:1082,1
DA:1083,1
DA:1085,1
DA:1086,1
DA:1087,1
DA:1089,1
DA:1090,1
DA:1091,1
DA:1092,1
DA:1093,1
DA:1094,1
DA:1095,1
DA:1096,1
DA:1097,1
DA:1098,1
DA:1100,1
DA:1101,1
DA:1102,1
DA:1103,1
DA:1106,0
DA:1107,0
DA:1108,0
DA:1109,0
DA:1110,0
DA:1111,0
DA:1112,0
DA:1113,0
DA:1116,1
DA:1117,1
DA:1118,1
DA:1120,1
DA:1121,1
DA:1122,1
DA:1124,1
DA:1125,1
DA:1126,1
DA:1127,1
DA:1128,1
DA:1129,1
DA:1130,1
DA:1131,1
DA:1132,1
DA:1133,1
DA:1135,1
DA:1136,1
DA:1137,1
DA:1138,1
DA:1141,0
DA:1142,0
DA:1143,0
DA:1144,0
DA:1145,0
DA:1146,0
DA:1147,0
DA:1148,0
DA:1151,1
DA:1152,1
DA:1153,1
DA:1154,1
DA:1155,1
DA:1158,0
DA:1159,0
DA:1160,0
DA:1161,0
DA:1162,0
DA:1163,0
DA:1164,0
DA:1165,0
DA:1169,1
DA:1170,1
DA:1173,0
DA:1175,1
DA:1176,1
DA:1177,1
DA:1178,1
DA:1179,1
DA:1182,0
DA:1183,0
DA:1184,0
DA:1185,0
DA:1186,0
DA:1187,0
DA:1188,0
DA:1189,0
DA:1192,1
DA:1193,1
DA:1194,1
DA:1196,1
DA:1197,1
DA:1198,1
DA:1199,1
DA:1202,0
DA:1203,0
DA:1204,0
DA:1205,0
DA:1206,0
DA:1207,0
DA:1208,0
DA:1209,0
DA:1212,1
DA:1213,1
DA:1214,1
DA:1215,1
DA:1216,1
DA:1219,0
DA:1220,0
DA:1221,0
DA:1222,0
DA:1223,0
DA:1224,0
DA:1225,0
DA:1226,0
DA:1229,1
DA:1230,1
DA:1231,1
DA:1233,1
DA:1234,1
DA:1235,1
DA:1237,1
DA:1238,1
DA:1239,1
DA:1240,1
DA:1241,1
DA:1242,1
DA:1243,1
DA:1244,1
DA:1246,1
DA:1247,1
DA:1248,1
DA:1249,1
DA:1252,0
DA:1253,0
DA:1254,0
DA:1255,0
DA:1256,0
DA:1257,0
DA:1258,0
DA:1259,0
DA:1262,1
DA:1263,1
DA:1264,1
DA:1266,1
DA:1267,1
DA:1268,1
DA:1270,1
DA:1271,1
DA:1272,1
DA:1273,1
DA:1274,1
DA:1275,1
DA:1276,1
DA:1277,1
DA:1279,1
DA:1280,1
DA:1281,1
DA:1282,1
DA:1285,0
DA:1286,0
DA:1287,0
DA:1288,0
DA:1289,0
DA:1290,0
DA:1291,0
DA:1292,0
DA:1295,1
DA:1296,1
DA:1297,1
DA:1299,1
DA:1300,1
DA:1301,1
DA:1303,1
DA:1304,1
DA:1305,1
DA:1306,1
DA:1307,1
DA:1308,1
DA:1309,1
DA:1310,1
DA:1312,1
DA:1313,1
DA:1314,1
DA:1315,1
DA:1318,0
DA:1319,0
DA:1320,0
DA:1321,0
DA:1322,0
DA:1323,0
DA:1324,0
DA:1325,0
DA:1328,1
DA:1329,1
DA:1330,1
DA:1331,1
DA:1332,1
DA:1335,0
DA:1336,0
DA:1337,0
DA:1338,0
DA:1339,0
DA:1340,0
DA:1341,0
DA:1342,0
DA:1346,1
DA:1347,1
DA:1350,0
DA:1352,1
DA:1353,1
DA:1354,1
DA:1355,1
DA:1356,1
DA:1359,0
DA:1360,0
DA:1361,0
DA:1362,0
DA:1363,0
DA:1364,0
DA:1365,0
DA:1366,0
DA:1369,1
DA:1370,1
DA:1371,1
DA:1373,1
DA:1374,1
DA:1375,1
DA:1376,1
DA:1379,0
DA:1380,0
DA:1381,0
DA:1382,0
DA:1383,0
DA:1384,0
DA:1385,0
DA:1386,0
DA:1389,1
DA:1390,1
DA:1391,1
DA:1392,1
DA:1393,1
DA:1396,0
DA:1397,0
DA:1398,0
DA:1399,0
DA:1400,0
DA:1401,0
DA:1402,0
DA:1403,0
DA:1406,1
DA:1407,1
DA:1408,1
DA:1410,1
DA:1411,1
DA:1412,1
DA:1414,1
DA:1415,1
DA:1416,1
DA:1417,1
DA:1418,1
DA:1419,1
DA:1420,1
DA:1421,1
DA:1423,1
DA:1424,1
DA:1425,1
DA:1426,1
DA:1429,0
DA:1430,0
DA:1431,0
DA:1432,0
DA:1433,0
DA:1434,0
DA:1435,0
DA:1436,0
DA:1439,1
DA:1440,1
DA:1441,1
DA:1442,1
DA:1443,1
DA:1446,0
DA:1447,0
DA:1448,0
DA:1449,0
DA:1450,0
DA:1451,0
DA:1452,0
DA:1453,0
DA:1457,1
DA:1458,1
DA:1461,0
DA:1463,1
DA:1464,1
DA:1465,1
DA:1466,1
DA:1467,1
DA:1470,0
DA:1471,0
DA:1472,0
DA:1473,0
DA:1474,0
DA:1475,0
DA:1476,0
DA:1477,0
DA:1480,1
DA:1481,1
DA:1482,1
DA:1484,1
DA:1485,1
DA:1486,1
DA:1487,1
DA:1490,0
DA:1491,0
DA:1492,0
DA:1493,0
DA:1494,0
DA:1495,0
DA:1496,0
DA:1497,0
DA:1500,1
DA:1501,1
DA:1502,1
DA:1503,1
DA:1504,1
DA:1507,0
DA:1508,0
DA:1509,0
DA:1510,0
DA:1511,0
DA:1512,0
DA:1513,0
DA:1514,0
DA:1517,1
DA:1518,1
DA:1519,1
DA:1521,1
DA:1522,1
DA:1523,1
DA:1525,1
DA:1526,1
DA:1527,1
DA:1528,1
DA:1529,1
DA:1530,1
DA:1531,1
DA:1532,1
DA:1533,1
DA:1534,1
DA:1536,1
DA:1537,1
DA:1538,1
DA:1539,1
DA:1542,0
DA:1543,0
DA:1544,0
DA:1545,0
DA:1546,0
DA:1547,0
DA:1548,0
DA:1549,0
DA:1552,1
DA:1553,1
DA:1554,1
DA:1555,1
DA:1556,1
DA:1559,0
DA:1560,0
DA:1561,0
DA:1562,0
DA:1563,0
DA:1564,0
DA:1565,0
DA:1566,0
DA:1569,1
DA:1570,1
DA:1571,1
DA:1573,1
DA:1574,1
DA:1575,1
DA:1577,1
DA:1578,1
DA:1579,1
DA:1580,1
DA:1581,1
DA:1582,1
DA:1583,1
DA:1584,1
DA:1585,1
DA:1586,1
DA:1588,1
DA:1589,1
DA:1590,1
DA:1591,1
DA:1594,0
DA:1595,0
DA:1596,0
DA:1597,0
DA:1598,0
DA:1599,0
DA:1600,0
DA:1601,0
DA:1604,1
DA:1605,1
DA:1606,1
DA:1609,1
DA:1610,1
DA:1611,1
DA:1617,0
DA:1618,0
DA:1619,0
DA:1622,1
DA:1623,1
DA:1624,1
DA:1625,1
DA:1628,0
DA:1629,0
DA:1630,0
DA:1631,0
DA:1632,0
DA:1633,0
DA:1634,0
DA:1635,0
DA:1638,1
DA:1639,1
DA:1640,1
DA:1642,1
DA:1643,1
DA:1644,1
DA:1646,1
DA:1647,1
DA:1648,1
DA:1649,1
DA:1650,1
DA:1651,1
DA:1652,1
DA:1653,1
DA:1654,1
DA:1655,1
DA:1657,1
DA:1658,1
DA:1659,1
DA:1660,1
DA:1663,0
DA:1664,0
DA:1665,0
DA:1666,0
DA:1667,0
DA:1668,0
DA:1669,0
DA:1670,0
DA:1673,1
DA:1674,1
DA:1675,1
DA:1676,1
DA:1677,1
DA:1680,0
DA:1681,0
DA:1682,0
DA:1683,0
DA:1684,0
DA:1685,0
DA:1686,0
DA:1687,0
DA:1690,1
DA:1691,1
DA:1692,1
DA:1694,1
DA:1695,1
DA:1696,1
DA:1697,1
DA:1700,0
DA:1701,0
DA:1702,0
DA:1703,0
DA:1704,0
DA:1705,0
DA:1706,0
DA:1707,0
DA:1710,1
DA:1711,1
DA:1712,1
DA:1714,1
DA:1715,1
DA:1716,1
DA:1718,1
DA:1719,1
DA:1720,1
DA:1721,1
DA:1722,1
DA:1723,1
DA:1724,1
DA:1725,1
DA:1727,1
DA:1728,1
DA:1729,1
DA:1730,1
DA:1733,0
DA:1734,0
DA:1735,0
DA:1736,0
DA:1737,0
DA:1738,0
DA:1739,0
DA:1740,0
DA:1743,1
DA:1744,1
DA:1745,1
DA:1747,1
DA:1748,1
DA:1749,1
DA:1750,1
DA:1753,0
DA:1754,0
DA:1755,0
DA:1756,0
DA:1757,0
DA:1758,0
DA:1759,0
DA:1760,0
DA:1763,1
DA:1764,1
DA:1765,1
DA:1767,1
DA:1768,1
DA:1769,1
DA:1771,1
DA:1772,1
DA:1773,1
DA:1774,1
DA:1775,1
DA:1776,1
DA:1777,1
DA:1778,1
DA:1779,1
DA:1780,1
DA:1782,1
DA:1783,1
DA:1784,1
DA:1785,1
DA:1788,0
DA:1789,0
DA:1790,0
DA:1791,0
DA:1792,0
DA:1793,0
DA:1794,0
DA:1795,0
DA:1798,1
DA:1799,1
DA:1800,1
DA:1802,1
DA:1803,1
DA:1804,1
DA:1806,1
DA:1807,1
DA:1808,1
DA:1809,1
DA:1810,1
DA:1811,1
DA:1812,1
DA:1813,1
DA:1814,1
DA:1815,1
DA:1817,1
DA:1818,1
DA:1819,1
DA:1820,1
DA:1823,0
DA:1824,0
DA:1825,0
DA:1826,0
DA:1827,0
DA:1828,0
DA:1829,0
DA:1830,0
DA:1833,1
DA:1834,1
DA:1835,1
DA:1837,1
DA:1838,1
DA:1839,1
DA:1841,1
DA:1842,1
DA:1843,1
DA:1844,1
DA:1845,1
DA:1846,1
DA:1847,1
DA:1848,1
DA:1849,1
DA:1850,1
DA:1852,1
DA:1853,1
DA:1854,1
DA:1855,1
DA:1858,0
DA:1859,0
DA:1860,0
DA:1861,0
DA:1862,0
DA:1863,0
DA:1864,0
DA:1865,0
DA:1868,1
DA:1869,1
DA:1870,1
DA:1871,1
DA:1872,1
DA:1875,0
DA:1876,0
DA:1877,0
DA:1878,0
DA:1879,0
DA:1880,0
DA:1881,0
DA:1882,0
DA:1885,1
DA:1886,1
DA:1887,1
DA:1890,1
DA:1891,1
DA:1892,1
DA:1894,1
DA:1895,1
DA:1896,1
DA:1897,1
DA:1900,0
DA:1901,0
DA:1902,0
DA:1903,0
DA:1904,0
DA:1905,0
DA:1906,0
DA:1907,0
DA:1910,1
DA:1911,1
DA:1912,1
DA:1914,1
DA:1915,1
DA:1916,1
DA:1917,1
DA:1920,0
DA:1921,0
DA:1922,0
DA:1923,0
DA:1924,0
DA:1925,0
DA:1926,0
DA:1927,0
DA:1930,1
DA:1931,1
DA:1932,1
DA:1934,1
DA:1935,1
DA:1936,1
DA:1937,1
DA:1940,0
DA:1941,0
DA:1942,0
DA:1943,0
DA:1944,0
DA:1945,0
DA:1946,0
DA:1947,0
DA:1954,0
DA:1955,0
DA:1956,0
DA:1958,0
DA:1959,0
DA:1960,0
DA:1961,0
DA:1964,0
DA:1965,0
DA:1966,0
DA:1967,0
DA:1968,0
DA:1969,0
DA:1970,0
DA:1971,0
DA:1974,0
DA:1975,0
DA:1976,0
DA:1978,0
DA:1979,0
DA:1980,0
DA:1981,0
DA:1984,0
DA:1985,0
DA:1986,0
DA:1987,0
DA:1988,0
DA:1989,0
DA:1990,0
DA:1991,0
DA:1994,0
DA:1995,0
DA:1996,0
DA:1998,0
DA:1999,0
DA:2000,0
DA:2001,0
DA:2004,0
DA:2005,0
DA:2006,0
DA:2007,0
DA:2008,0
DA:2009,0
DA:2010,0
DA:2011,0
DA:2015,1
DA:2016,1
DA:2017,1
DA:2018,1
DA:2019,1
DA:2022,0
DA:2023,0
DA:2024,0
DA:2025,0
DA:2026,0
DA:2027,0
DA:2028,0
DA:2029,0
DA:2033,1
DA:2034,1
DA:2037,0
DA:2039,1
DA:2040,1
DA:2041,1
DA:2042,1
DA:2043,1
DA:2046,0
DA:2047,0
DA:2048,0
DA:2049,0
DA:2050,0
DA:2051,0
DA:2052,0
DA:2053,0
DA:2057,1
DA:2058,1
DA:2061,0
DA:2063,1
DA:2064,1
DA:2065,1
DA:2066,1
DA:2069,0
DA:2070,0
DA:2071,0
DA:2072,0
DA:2073,0
DA:2074,0
DA:2075,0
DA:2076,0
DA:2079,1
DA:2080,1
DA:2081,1
DA:2082,1
DA:2085,0
DA:2086,0
DA:2087,0
DA:2088,0
DA:2089,0
DA:2090,0
DA:2091,0
DA:2092,0
DA:2095,1
DA:2096,1
DA:2097,1
DA:2100,1
DA:2101,1
DA:2103,0
DA:2108,0
DA:2109,0
DA:2113,0
DA:2116,0
DA:2120,0
DA:2122,0
DA:2123,0
DA:2128,0
DA:2129,0
DA:2132,0
DA:2134,0
DA:2135,0
DA:2139,1
DA:2141,1
DA:2143,1
DA:2145,1
DA:2147,1
DA:2150,1
DA:2153,1
DA:2154,1
DA:2155,1
DA:2156,1
DA:2157,1
DA:2158,1
DA:2159,1
DA:2160,1
DA:2161,1
DA:2162,1
DA:2163,1
DA:2164,1
DA:2165,1
DA:2166,1
DA:2167,1
DA:2168,1
DA:2169,1
DA:2170,1
DA:2171,1
DA:2172,1
DA:2173,1
DA:2174,1
DA:2175,1
DA:2176,1
DA:2177,1
DA:2178,1
DA:2179,1
DA:2180,1
DA:2181,1
DA:2182,1
DA:2183,1
DA:2184,1
DA:2185,1
DA:2186,1
DA:2189,1
DA:2193,1
DA:2196,1
DA:2200,1
DA:2203,1
DA:2204,1
DA:2205,1
DA:2207,1
DA:2208,1
DA:2209,1
DA:2212,1
DA:2213,1
DA:2215,0
DA:2216,0
DA:2220,0
DA:2222,0
DA:2223,0
DA:2224,0
DA:2225,0
DA:2227,0
DA:2229,1
DA:2231,1
DA:2232,1
DA:2233,1
DA:2234,1
DA:2236,1
DA:2243,1
DA:2245,1
DA:2246,1
DA:2247,1
DA:2248,1
DA:2249,1
DA:2250,1
DA:2251,1
DA:2252,1
DA:2253,1
DA:2254,1
DA:2255,1
DA:2256,1
DA:2257,1
DA:2258,1
DA:2259,1
DA:2260,1
DA:2261,1
DA:2262,1
DA:2263,1
DA:2264,1
DA:2265,1
DA:2266,1
DA:2267,1
DA:2268,1
DA:2269,1
DA:2270,1
DA:2271,1
DA:2272,1
DA:2273,1
end_of_record
SF:/app/bin/SOLARCOST.c.h
DA:184,32
DA:185,32
DA:186,139
DA:187,138
DA:188,31
DA:190,85
DA:191,53
DA:192,53
DA:194,32
end_of_record
SF:/app/bin/SOLARCOST.c.l.h
DA:20,2
DA:21,2
DA:22,2
end_of_record
